[ 2019-08-24T18:35:15+08:00 ] 0.0.0.0 /ceshi/admin.php
INFO: [ app_begin ] --START--
INFO: ReadHtmlCache Behavior ::run [ RunTime:0.000000s ]
INFO: [ app_begin ] --END-- [ RunTime:0.000000s ]
INFO: [ view_parse ] --START--
SQL: SHOW COLUMNS FROM `index_function_switch` [ RunTime:0.006000s ]
SQL: SELECT * FROM `index_function_switch` WHERE ( `function_switch_id` = 1 ) LIMIT 1   [ RunTime:0.001000s ]
SQL: SHOW COLUMNS FROM `index_user_page` [ RunTime:0.006000s ]
SQL: SELECT * FROM `index_user_page` WHERE ( `user_id` = 1 )  [ RunTime:0.001000s ]
NOTIC: [2] Invalid argument supplied for foreach() D:\phpStudy\WWW\ceshi\Admin\Tpl\public\head.php 第 17 行.
SQL: SHOW COLUMNS FROM `index_site` [ RunTime:0.003000s ]
SQL: SELECT * FROM `index_site` LIMIT 1   [ RunTime:0.000000s ]
SQL: SELECT * FROM `index_site`  [ RunTime:0.000000s ]
SQL: SHOW COLUMNS FROM `index_admin_classify` [ RunTime:0.004000s ]
SQL: SELECT * FROM `index_admin_classify` WHERE ( `level_id` = 2 ) ORDER BY date asc  [ RunTime:0.000000s ]
SQL: SHOW COLUMNS FROM `index_user_classify` [ RunTime:0.006000s ]
SQL: SELECT * FROM `index_user_classify` WHERE ( `user_id` = 1 ) AND ( `classify_id` = 2 ) LIMIT 1   [ RunTime:0.000000s ]
SQL: SELECT * FROM `index_user_classify` WHERE ( `user_id` = 1 ) AND ( `classify_id` = 3 ) LIMIT 1   [ RunTime:0.000000s ]
SQL: SELECT * FROM `index_user_classify` WHERE ( `user_id` = 1 ) AND ( `classify_id` = 16 ) LIMIT 1   [ RunTime:0.001000s ]
SQL: SELECT * FROM `index_user_classify` WHERE ( `user_id` = 1 ) AND ( `classify_id` = 15 ) LIMIT 1   [ RunTime:0.000000s ]
SQL: SELECT * FROM `index_user_classify` WHERE ( `user_id` = 1 ) AND ( `classify_id` = 20 ) LIMIT 1   [ RunTime:0.000000s ]
SQL: SELECT * FROM `index_user_classify` WHERE ( `user_id` = 1 ) AND ( `classify_id` = 4 ) LIMIT 1   [ RunTime:0.000000s ]
SQL: SELECT * FROM `index_user_classify` WHERE ( `user_id` = 1 ) AND ( `classify_id` = 5 ) LIMIT 1   [ RunTime:0.000000s ]
SQL: SELECT * FROM `index_user_classify` WHERE ( `user_id` = 1 ) AND ( `classify_id` = 23 ) LIMIT 1   [ RunTime:0.000000s ]
SQL: SELECT * FROM `index_admin_classify` WHERE ( `classify_pid` = 3 ) ORDER BY date asc  [ RunTime:0.001000s ]
NOTIC: [2] Invalid argument supplied for foreach() D:\phpStudy\WWW\ceshi\Admin\Tpl\public\top.php 第 36 行.
SQL: SHOW COLUMNS FROM `index_classify` [ RunTime:0.003000s ]
SQL: SELECT * FROM `index_classify` WHERE ( `classify_pid` = 1 )  [ RunTime:0.000000s ]
SQL: SELECT * FROM `index_site` WHERE ( `version_id` = 1 ) LIMIT 1   [ RunTime:0.000000s ]
NOTIC: [8] Undefined index: gonggao D:\phpStudy\WWW\ceshi\Admin\Tpl\public\top.php 第 53 行.
SQL: SELECT * FROM `index_site` LIMIT 1   [ RunTime:0.000000s ]
NOTIC: [8] Undefined index: order_site_id D:\phpStudy\WWW\ceshi\Admin\Runtime\Cache\d74b1b5354fc9f05c91cb0d6ad6a9473.php 第 5 行.
INFO: ParseTemplate Behavior ::run [ RunTime:0.041000s ]
INFO: [ view_parse ] --END-- [ RunTime:0.041000s ]
INFO: [ view_filter ] --START--
INFO: ContentReplace Behavior ::run [ RunTime:0.001000s ]
INFO: TokenBuild Behavior ::run [ RunTime:0.000000s ]
INFO: WriteHtmlCache Behavior ::run [ RunTime:0.000000s ]
INFO: ShowRuntime Behavior ::run [ RunTime:0.001000s ]
INFO: [ view_filter ] --END-- [ RunTime:0.002000s ]
INFO: [ view_end ] --START--
INFO: ShowPageTrace Behavior ::run [ RunTime:0.000000s ]
INFO: [ view_end ] --END-- [ RunTime:0.000000s ]

[ 2019-08-24T18:35:16+08:00 ] 0.0.0.0 /ceshi/admin.php?m=classify&a=index&admin_classify_id=3
INFO: [ app_begin ] --START--
INFO: ReadHtmlCache Behavior ::run [ RunTime:0.001000s ]
INFO: [ app_begin ] --END-- [ RunTime:0.001000s ]
INFO: [ view_parse ] --START--
SQL: SHOW COLUMNS FROM `index_function_switch` [ RunTime:0.004000s ]
SQL: SELECT * FROM `index_function_switch` WHERE ( `function_switch_id` = 1 ) LIMIT 1   [ RunTime:0.000000s ]
SQL: SHOW COLUMNS FROM `index_user_page` [ RunTime:0.004000s ]
SQL: SELECT * FROM `index_user_page` WHERE ( `user_id` = 1 )  [ RunTime:0.001000s ]
NOTIC: [2] Invalid argument supplied for foreach() D:\phpStudy\WWW\ceshi\Admin\Tpl\public\head.php 第 17 行.
SQL: SHOW COLUMNS FROM `index_site` [ RunTime:0.004000s ]
SQL: SELECT * FROM `index_site` LIMIT 1   [ RunTime:0.001000s ]
SQL: SELECT * FROM `index_site`  [ RunTime:0.000000s ]
SQL: SHOW COLUMNS FROM `index_admin_classify` [ RunTime:0.003000s ]
SQL: SELECT * FROM `index_admin_classify` WHERE ( `level_id` = 2 ) ORDER BY date asc  [ RunTime:0.001000s ]
SQL: SHOW COLUMNS FROM `index_user_classify` [ RunTime:0.003000s ]
SQL: SELECT * FROM `index_user_classify` WHERE ( `user_id` = 1 ) AND ( `classify_id` = 2 ) LIMIT 1   [ RunTime:0.000000s ]
SQL: SELECT * FROM `index_user_classify` WHERE ( `user_id` = 1 ) AND ( `classify_id` = 3 ) LIMIT 1   [ RunTime:0.000000s ]
SQL: SELECT * FROM `index_user_classify` WHERE ( `user_id` = 1 ) AND ( `classify_id` = 16 ) LIMIT 1   [ RunTime:0.001000s ]
SQL: SELECT * FROM `index_user_classify` WHERE ( `user_id` = 1 ) AND ( `classify_id` = 15 ) LIMIT 1   [ RunTime:0.000000s ]
SQL: SELECT * FROM `index_user_classify` WHERE ( `user_id` = 1 ) AND ( `classify_id` = 20 ) LIMIT 1   [ RunTime:0.000000s ]
SQL: SELECT * FROM `index_user_classify` WHERE ( `user_id` = 1 ) AND ( `classify_id` = 4 ) LIMIT 1   [ RunTime:0.000000s ]
SQL: SELECT * FROM `index_user_classify` WHERE ( `user_id` = 1 ) AND ( `classify_id` = 5 ) LIMIT 1   [ RunTime:0.001000s ]
SQL: SELECT * FROM `index_user_classify` WHERE ( `user_id` = 1 ) AND ( `classify_id` = 23 ) LIMIT 1   [ RunTime:0.000000s ]
SQL: SELECT * FROM `index_admin_classify` WHERE ( `classify_pid` = 3 ) ORDER BY date asc  [ RunTime:0.000000s ]
NOTIC: [2] Invalid argument supplied for foreach() D:\phpStudy\WWW\ceshi\Admin\Tpl\public\top.php 第 36 行.
SQL: SHOW COLUMNS FROM `index_classify` [ RunTime:0.004000s ]
SQL: SELECT * FROM `index_classify` WHERE ( `classify_pid` = 1 )  [ RunTime:0.000000s ]
SQL: SELECT * FROM `index_site` WHERE ( `version_id` = 1 ) LIMIT 1   [ RunTime:0.000000s ]
NOTIC: [8] Undefined index: gonggao D:\phpStudy\WWW\ceshi\Admin\Tpl\public\top.php 第 53 行.
SQL: SELECT `level_id`,`classify_id`,`classify_pid` FROM `index_classify` WHERE ( `classify_id` = 0 ) LIMIT 1   [ RunTime:0.000000s ]
SQL: SELECT `classify_id`,`level_id`,`classify_pid`,`type_id`,`classify_name`,`date`,`is_delete`,`classify_img`,`note`,`page_img` FROM `index_classify` WHERE ( `classify_id` = 1 ) AND ( `level_id` > 1 ) ORDER BY date asc  [ RunTime:0.000000s ]
NOTIC: [2] Invalid argument supplied for foreach() D:\phpStudy\WWW\ceshi\Admin\Runtime\Cache\5564defe1e21527f222900f417fbd662.php 第 31 行.
SQL: SELECT `classify_id`,`level_id`,`classify_pid`,`type_id`,`classify_name`,`date`,`is_delete`,`classify_img`,`note`,`page_img` FROM `index_classify` WHERE ( `version_id` = 1 ) ORDER BY date asc  [ RunTime:0.000000s ]
SQL: SELECT * FROM `index_classify` WHERE ( `classify_pid` = 2 ) LIMIT 1   [ RunTime:0.000000s ]
SQL: SHOW COLUMNS FROM `index_classify_type` [ RunTime:0.003000s ]
SQL: SELECT * FROM `index_classify_type` WHERE ( `type_id` = 13 ) LIMIT 1   [ RunTime:0.001000s ]
SQL: SHOW COLUMNS FROM `index_relevance` [ RunTime:0.002000s ]
SQL: SELECT COUNT(*) AS tp_count FROM `index_relevance` WHERE ( `classify_id` = 2 ) LIMIT 1   [ RunTime:0.001000s ]
SQL: SHOW COLUMNS FROM `index_input` [ RunTime:0.004000s ]
SQL: SELECT * FROM `index_input` WHERE ( `input_pid` = 351 )  [ RunTime:0.000000s ]
SQL: SELECT * FROM `index_classify` WHERE ( `classify_pid` = 2 ) LIMIT 1   [ RunTime:0.000000s ]
SQL: SELECT * FROM `index_classify` WHERE ( `classify_pid` = 3 ) LIMIT 1   [ RunTime:0.001000s ]
SQL: SELECT * FROM `index_classify_type` WHERE ( `type_id` = 13 ) LIMIT 1   [ RunTime:0.000000s ]
SQL: SELECT COUNT(*) AS tp_count FROM `index_relevance` WHERE ( `classify_id` = 3 ) LIMIT 1   [ RunTime:0.000000s ]
SQL: SELECT * FROM `index_input` WHERE ( `input_pid` = 351 )  [ RunTime:0.000000s ]
SQL: SELECT * FROM `index_classify` WHERE ( `classify_pid` = 3 ) LIMIT 1   [ RunTime:0.001000s ]
SQL: SELECT * FROM `index_classify` WHERE ( `classify_pid` = 205 ) LIMIT 1   [ RunTime:0.000000s ]
SQL: SELECT * FROM `index_classify_type` WHERE ( `type_id` = 60 ) LIMIT 1   [ RunTime:0.000000s ]
SQL: SELECT COUNT(*) AS tp_count FROM `index_relevance` WHERE ( `classify_id` = 205 ) LIMIT 1   [ RunTime:0.000000s ]
SQL: SELECT * FROM `index_input` WHERE ( `input_pid` = 351 )  [ RunTime:0.000000s ]
SQL: SELECT * FROM `index_classify` WHERE ( `classify_pid` = 205 ) LIMIT 1   [ RunTime:0.001000s ]
SQL: SELECT * FROM `index_classify` WHERE ( `classify_pid` = 207 ) LIMIT 1   [ RunTime:0.000000s ]
SQL: SELECT * FROM `index_classify_type` WHERE ( `type_id` = 60 ) LIMIT 1   [ RunTime:0.000000s ]
SQL: SELECT COUNT(*) AS tp_count FROM `index_relevance` WHERE ( `classify_id` = 207 ) LIMIT 1   [ RunTime:0.000000s ]
SQL: SELECT * FROM `index_input` WHERE ( `input_pid` = 351 )  [ RunTime:0.001000s ]
SQL: SELECT * FROM `index_classify` WHERE ( `classify_pid` = 207 ) LIMIT 1   [ RunTime:0.000000s ]
SQL: SELECT * FROM `index_classify` WHERE ( `classify_pid` = 208 ) LIMIT 1   [ RunTime:0.000000s ]
SQL: SELECT * FROM `index_classify_type` WHERE ( `type_id` = 61 ) LIMIT 1   [ RunTime:0.000000s ]
SQL: SELECT COUNT(*) AS tp_count FROM `index_relevance` WHERE ( `classify_id` = 208 ) LIMIT 1   [ RunTime:0.000000s ]
SQL: SELECT * FROM `index_input` WHERE ( `input_pid` = 351 )  [ RunTime:0.001000s ]
SQL: SELECT * FROM `index_classify` WHERE ( `classify_pid` = 208 ) LIMIT 1   [ RunTime:0.000000s ]
SQL: SELECT * FROM `index_classify` WHERE ( `classify_pid` = 209 ) LIMIT 1   [ RunTime:0.000000s ]
SQL: SELECT * FROM `index_classify_type` WHERE ( `type_id` = 5 ) LIMIT 1   [ RunTime:0.000000s ]
SQL: SELECT COUNT(*) AS tp_count FROM `index_relevance` WHERE ( `classify_id` = 209 ) LIMIT 1   [ RunTime:0.000000s ]
SQL: SELECT * FROM `index_input` WHERE ( `input_pid` = 351 )  [ RunTime:0.001000s ]
SQL: SELECT * FROM `index_classify` WHERE ( `classify_pid` = 209 ) LIMIT 1   [ RunTime:0.000000s ]
SQL: SELECT * FROM `index_classify` WHERE ( `classify_pid` = 214 ) LIMIT 1   [ RunTime:0.000000s ]
SQL: SELECT * FROM `index_classify_type` WHERE ( `type_id` = 5 ) LIMIT 1   [ RunTime:0.000000s ]
SQL: SELECT COUNT(*) AS tp_count FROM `index_relevance` WHERE ( `classify_id` = 214 ) LIMIT 1   [ RunTime:0.001000s ]
SQL: SELECT * FROM `index_input` WHERE ( `input_pid` = 351 )  [ RunTime:0.000000s ]
SQL: SELECT * FROM `index_classify` WHERE ( `classify_pid` = 214 ) LIMIT 1   [ RunTime:0.000000s ]
SQL: SELECT * FROM `index_classify` WHERE ( `classify_pid` = 223 ) LIMIT 1   [ RunTime:0.000000s ]
SQL: SELECT * FROM `index_classify_type` WHERE ( `type_id` = 5 ) LIMIT 1   [ RunTime:0.000000s ]
SQL: SELECT COUNT(*) AS tp_count FROM `index_relevance` WHERE ( `classify_id` = 223 ) LIMIT 1   [ RunTime:0.000000s ]
SQL: SELECT * FROM `index_input` WHERE ( `input_pid` = 351 )  [ RunTime:0.000000s ]
SQL: SELECT * FROM `index_classify` WHERE ( `classify_pid` = 223 ) LIMIT 1   [ RunTime:0.000000s ]
SQL: SELECT * FROM `index_classify` WHERE ( `classify_pid` = 224 ) LIMIT 1   [ RunTime:0.000000s ]
SQL: SELECT * FROM `index_classify_type` WHERE ( `type_id` = 5 ) LIMIT 1   [ RunTime:0.001000s ]
SQL: SELECT COUNT(*) AS tp_count FROM `index_relevance` WHERE ( `classify_id` = 224 ) LIMIT 1   [ RunTime:0.000000s ]
SQL: SELECT * FROM `index_input` WHERE ( `input_pid` = 351 )  [ RunTime:0.000000s ]
SQL: SELECT * FROM `index_classify` WHERE ( `classify_pid` = 224 ) LIMIT 1   [ RunTime:0.000000s ]
SQL: SELECT * FROM `index_classify` WHERE ( `classify_pid` = 225 ) LIMIT 1   [ RunTime:0.000000s ]
SQL: SELECT * FROM `index_classify_type` WHERE ( `type_id` = 5 ) LIMIT 1   [ RunTime:0.000000s ]
SQL: SELECT COUNT(*) AS tp_count FROM `index_relevance` WHERE ( `classify_id` = 225 ) LIMIT 1   [ RunTime:0.000000s ]
SQL: SELECT * FROM `index_input` WHERE ( `input_pid` = 351 )  [ RunTime:0.000000s ]
SQL: SELECT * FROM `index_classify` WHERE ( `classify_pid` = 225 ) LIMIT 1   [ RunTime:0.001000s ]
SQL: SELECT * FROM `index_classify` WHERE ( `classify_pid` = 226 ) LIMIT 1   [ RunTime:0.000000s ]
SQL: SELECT * FROM `index_classify_type` WHERE ( `type_id` = 11 ) LIMIT 1   [ RunTime:0.000000s ]
SQL: SELECT COUNT(*) AS tp_count FROM `index_relevance` WHERE ( `classify_id` = 226 ) LIMIT 1   [ RunTime:0.000000s ]
SQL: SELECT * FROM `index_input` WHERE ( `input_pid` = 351 )  [ RunTime:0.000000s ]
SQL: SELECT * FROM `index_classify` WHERE ( `classify_pid` = 226 ) LIMIT 1   [ RunTime:0.000000s ]
SQL: SELECT * FROM `index_classify` WHERE ( `classify_pid` = 227 ) LIMIT 1   [ RunTime:0.000000s ]
SQL: SELECT * FROM `index_classify_type` WHERE ( `type_id` = 66 ) LIMIT 1   [ RunTime:0.000000s ]
SQL: SELECT COUNT(*) AS tp_count FROM `index_relevance` WHERE ( `classify_id` = 227 ) LIMIT 1   [ RunTime:0.000000s ]
SQL: SELECT * FROM `index_input` WHERE ( `input_pid` = 351 )  [ RunTime:0.001000s ]
SQL: SELECT * FROM `index_classify` WHERE ( `classify_pid` = 227 ) LIMIT 1   [ RunTime:0.000000s ]
SQL: SELECT * FROM `index_classify` WHERE ( `classify_pid` = 210 ) LIMIT 1   [ RunTime:0.000000s ]
SQL: SELECT * FROM `index_classify_type` WHERE ( `type_id` = 62 ) LIMIT 1   [ RunTime:0.000000s ]
SQL: SELECT COUNT(*) AS tp_count FROM `index_relevance` WHERE ( `classify_id` = 210 ) LIMIT 1   [ RunTime:0.000000s ]
SQL: SELECT * FROM `index_input` WHERE ( `input_pid` = 351 )  [ RunTime:0.000000s ]
SQL: SELECT * FROM `index_classify` WHERE ( `classify_pid` = 210 ) LIMIT 1   [ RunTime:0.000000s ]
SQL: SELECT * FROM `index_classify` WHERE ( `classify_pid` = 211 ) LIMIT 1   [ RunTime:0.000000s ]
SQL: SELECT * FROM `index_classify_type` WHERE ( `type_id` = 65 ) LIMIT 1   [ RunTime:0.000000s ]
SQL: SELECT COUNT(*) AS tp_count FROM `index_relevance` WHERE ( `classify_id` = 211 ) LIMIT 1   [ RunTime:0.000000s ]
SQL: SELECT * FROM `index_input` WHERE ( `input_pid` = 351 )  [ RunTime:0.001000s ]
SQL: SELECT * FROM `index_classify` WHERE ( `classify_pid` = 211 ) LIMIT 1   [ RunTime:0.000000s ]
SQL: SELECT * FROM `index_classify` WHERE ( `classify_pid` = 213 ) LIMIT 1   [ RunTime:0.000000s ]
SQL: SELECT * FROM `index_classify_type` WHERE ( `type_id` = 65 ) LIMIT 1   [ RunTime:0.000000s ]
SQL: SELECT COUNT(*) AS tp_count FROM `index_relevance` WHERE ( `classify_id` = 213 ) LIMIT 1   [ RunTime:0.000000s ]
SQL: SELECT * FROM `index_input` WHERE ( `input_pid` = 351 )  [ RunTime:0.001000s ]
SQL: SELECT * FROM `index_classify` WHERE ( `classify_pid` = 213 ) LIMIT 1   [ RunTime:0.000000s ]
SQL: SELECT * FROM `index_classify` WHERE ( `classify_pid` = 212 ) LIMIT 1   [ RunTime:0.000000s ]
SQL: SELECT * FROM `index_classify_type` WHERE ( `type_id` = 5 ) LIMIT 1   [ RunTime:0.000000s ]
SQL: SELECT COUNT(*) AS tp_count FROM `index_relevance` WHERE ( `classify_id` = 212 ) LIMIT 1   [ RunTime:0.001000s ]
SQL: SELECT * FROM `index_input` WHERE ( `input_pid` = 351 )  [ RunTime:0.000000s ]
SQL: SELECT * FROM `index_classify` WHERE ( `classify_pid` = 212 ) LIMIT 1   [ RunTime:0.000000s ]
SQL: SELECT * FROM `index_classify` WHERE ( `classify_pid` = 215 ) LIMIT 1   [ RunTime:0.000000s ]
SQL: SELECT * FROM `index_classify_type` WHERE ( `type_id` = 5 ) LIMIT 1   [ RunTime:0.000000s ]
SQL: SELECT COUNT(*) AS tp_count FROM `index_relevance` WHERE ( `classify_id` = 215 ) LIMIT 1   [ RunTime:0.001000s ]
SQL: SELECT * FROM `index_input` WHERE ( `input_pid` = 351 )  [ RunTime:0.000000s ]
SQL: SELECT * FROM `index_classify` WHERE ( `classify_pid` = 215 ) LIMIT 1   [ RunTime:0.000000s ]
SQL: SELECT * FROM `index_classify` WHERE ( `classify_pid` = 216 ) LIMIT 1   [ RunTime:0.000000s ]
SQL: SELECT * FROM `index_classify_type` WHERE ( `type_id` = 5 ) LIMIT 1   [ RunTime:0.001000s ]
SQL: SELECT COUNT(*) AS tp_count FROM `index_relevance` WHERE ( `classify_id` = 216 ) LIMIT 1   [ RunTime:0.000000s ]
SQL: SELECT * FROM `index_input` WHERE ( `input_pid` = 351 )  [ RunTime:0.000000s ]
SQL: SELECT * FROM `index_classify` WHERE ( `classify_pid` = 216 ) LIMIT 1   [ RunTime:0.000000s ]
SQL: SELECT * FROM `index_classify` WHERE ( `classify_pid` = 217 ) LIMIT 1   [ RunTime:0.000000s ]
SQL: SELECT * FROM `index_classify_type` WHERE ( `type_id` = 67 ) LIMIT 1   [ RunTime:0.000000s ]
SQL: SELECT COUNT(*) AS tp_count FROM `index_relevance` WHERE ( `classify_id` = 217 ) LIMIT 1   [ RunTime:0.000000s ]
SQL: SELECT * FROM `index_input` WHERE ( `input_pid` = 351 )  [ RunTime:0.000000s ]
SQL: SELECT * FROM `index_classify` WHERE ( `classify_pid` = 217 ) LIMIT 1   [ RunTime:0.000000s ]
SQL: SELECT * FROM `index_classify` WHERE ( `classify_pid` = 218 ) LIMIT 1   [ RunTime:0.001000s ]
SQL: SELECT * FROM `index_classify_type` WHERE ( `type_id` = 64 ) LIMIT 1   [ RunTime:0.000000s ]
SQL: SELECT COUNT(*) AS tp_count FROM `index_relevance` WHERE ( `classify_id` = 218 ) LIMIT 1   [ RunTime:0.000000s ]
SQL: SELECT * FROM `index_input` WHERE ( `input_pid` = 351 )  [ RunTime:0.000000s ]
SQL: SELECT * FROM `index_classify` WHERE ( `classify_pid` = 218 ) LIMIT 1   [ RunTime:0.000000s ]
SQL: SELECT * FROM `index_classify` WHERE ( `classify_pid` = 219 ) LIMIT 1   [ RunTime:0.000000s ]
SQL: SELECT * FROM `index_classify_type` WHERE ( `type_id` = 14 ) LIMIT 1   [ RunTime:0.000000s ]
SQL: SELECT COUNT(*) AS tp_count FROM `index_relevance` WHERE ( `classify_id` = 219 ) LIMIT 1   [ RunTime:0.000000s ]
SQL: SELECT * FROM `index_input` WHERE ( `input_pid` = 351 )  [ RunTime:0.000000s ]
SQL: SELECT * FROM `index_classify` WHERE ( `classify_pid` = 219 ) LIMIT 1   [ RunTime:0.001000s ]
SQL: SELECT * FROM `index_classify` WHERE ( `classify_pid` = 220 ) LIMIT 1   [ RunTime:0.000000s ]
SQL: SELECT * FROM `index_classify_type` WHERE ( `type_id` = 14 ) LIMIT 1   [ RunTime:0.000000s ]
SQL: SELECT COUNT(*) AS tp_count FROM `index_relevance` WHERE ( `classify_id` = 220 ) LIMIT 1   [ RunTime:0.000000s ]
SQL: SELECT * FROM `index_input` WHERE ( `input_pid` = 351 )  [ RunTime:0.000000s ]
SQL: SELECT * FROM `index_classify` WHERE ( `classify_pid` = 220 ) LIMIT 1   [ RunTime:0.000000s ]
SQL: SELECT * FROM `index_classify` WHERE ( `classify_pid` = 221 ) LIMIT 1   [ RunTime:0.000000s ]
SQL: SELECT * FROM `index_classify_type` WHERE ( `type_id` = 14 ) LIMIT 1   [ RunTime:0.000000s ]
SQL: SELECT COUNT(*) AS tp_count FROM `index_relevance` WHERE ( `classify_id` = 221 ) LIMIT 1   [ RunTime:0.000000s ]
SQL: SELECT * FROM `index_input` WHERE ( `input_pid` = 351 )  [ RunTime:0.001000s ]
SQL: SELECT * FROM `index_classify` WHERE ( `classify_pid` = 221 ) LIMIT 1   [ RunTime:0.000000s ]
SQL: SELECT * FROM `index_classify` WHERE ( `classify_pid` = 222 ) LIMIT 1   [ RunTime:0.000000s ]
SQL: SELECT * FROM `index_classify_type` WHERE ( `type_id` = 44 ) LIMIT 1   [ RunTime:0.000000s ]
SQL: SELECT COUNT(*) AS tp_count FROM `index_relevance` WHERE ( `classify_id` = 222 ) LIMIT 1   [ RunTime:0.000000s ]
SQL: SELECT * FROM `index_input` WHERE ( `input_pid` = 351 )  [ RunTime:0.001000s ]
SQL: SELECT * FROM `index_classify` WHERE ( `classify_pid` = 222 ) LIMIT 1   [ RunTime:0.000000s ]
SQL: SELECT * FROM `index_classify` WHERE ( `classify_pid` = 4 ) LIMIT 1   [ RunTime:0.000000s ]
SQL: SELECT * FROM `index_classify_type` WHERE ( `type_id` = 13 ) LIMIT 1   [ RunTime:0.000000s ]
SQL: SELECT COUNT(*) AS tp_count FROM `index_relevance` WHERE ( `classify_id` = 4 ) LIMIT 1   [ RunTime:0.001000s ]
SQL: SELECT * FROM `index_input` WHERE ( `input_pid` = 351 )  [ RunTime:0.000000s ]
SQL: SELECT * FROM `index_classify` WHERE ( `classify_pid` = 4 ) LIMIT 1   [ RunTime:0.000000s ]
SQL: SELECT * FROM `index_classify` WHERE ( `classify_pid` = 204 ) LIMIT 1   [ RunTime:0.000000s ]
SQL: SELECT * FROM `index_classify_type` WHERE ( `type_id` = 6 ) LIMIT 1   [ RunTime:0.001000s ]
SQL: SELECT COUNT(*) AS tp_count FROM `index_relevance` WHERE ( `classify_id` = 204 ) LIMIT 1   [ RunTime:0.000000s ]
SQL: SELECT * FROM `index_input` WHERE ( `input_pid` = 351 )  [ RunTime:0.000000s ]
SQL: SELECT * FROM `index_classify` WHERE ( `classify_pid` = 204 ) LIMIT 1   [ RunTime:0.000000s ]
SQL: SELECT * FROM `index_classify` WHERE ( `classify_pid` = 206 ) LIMIT 1   [ RunTime:0.001000s ]
SQL: SELECT * FROM `index_classify_type` WHERE ( `type_id` = 13 ) LIMIT 1   [ RunTime:0.000000s ]
SQL: SELECT COUNT(*) AS tp_count FROM `index_relevance` WHERE ( `classify_id` = 206 ) LIMIT 1   [ RunTime:0.000000s ]
SQL: SELECT * FROM `index_input` WHERE ( `input_pid` = 351 )  [ RunTime:0.001000s ]
SQL: SELECT * FROM `index_classify` WHERE ( `classify_pid` = 206 ) LIMIT 1   [ RunTime:0.000000s ]
SQL: SELECT * FROM `index_classify` WHERE ( `classify_pid` = 228 ) LIMIT 1   [ RunTime:0.000000s ]
SQL: SELECT * FROM `index_classify_type` WHERE ( `type_id` = 13 ) LIMIT 1   [ RunTime:0.000000s ]
SQL: SELECT COUNT(*) AS tp_count FROM `index_relevance` WHERE ( `classify_id` = 228 ) LIMIT 1   [ RunTime:0.000000s ]
SQL: SELECT * FROM `index_input` WHERE ( `input_pid` = 351 )  [ RunTime:0.000000s ]
SQL: SELECT * FROM `index_classify` WHERE ( `classify_pid` = 228 ) LIMIT 1   [ RunTime:0.000000s ]
SQL: SELECT * FROM `index_classify` WHERE ( `classify_pid` = 229 ) LIMIT 1   [ RunTime:0.000000s ]
SQL: SELECT * FROM `index_classify_type` WHERE ( `type_id` = 13 ) LIMIT 1   [ RunTime:0.000000s ]
SQL: SELECT COUNT(*) AS tp_count FROM `index_relevance` WHERE ( `classify_id` = 229 ) LIMIT 1   [ RunTime:0.001000s ]
SQL: SELECT * FROM `index_input` WHERE ( `input_pid` = 351 )  [ RunTime:0.000000s ]
SQL: SELECT * FROM `index_classify` WHERE ( `classify_pid` = 229 ) LIMIT 1   [ RunTime:0.000000s ]
SQL: SELECT * FROM `index_classify` WHERE ( `classify_pid` = 230 ) LIMIT 1   [ RunTime:0.000000s ]
SQL: SELECT * FROM `index_classify_type` WHERE ( `type_id` = 60 ) LIMIT 1   [ RunTime:0.001000s ]
SQL: SELECT COUNT(*) AS tp_count FROM `index_relevance` WHERE ( `classify_id` = 230 ) LIMIT 1   [ RunTime:0.000000s ]
SQL: SELECT * FROM `index_input` WHERE ( `input_pid` = 351 )  [ RunTime:0.000000s ]
SQL: SELECT * FROM `index_classify` WHERE ( `classify_pid` = 230 ) LIMIT 1   [ RunTime:0.000000s ]
SQL: SELECT * FROM `index_classify` WHERE ( `classify_pid` = 231 ) LIMIT 1   [ RunTime:0.001000s ]
SQL: SELECT * FROM `index_classify_type` WHERE ( `type_id` = 13 ) LIMIT 1   [ RunTime:0.000000s ]
SQL: SELECT COUNT(*) AS tp_count FROM `index_relevance` WHERE ( `classify_id` = 231 ) LIMIT 1   [ RunTime:0.000000s ]
SQL: SELECT * FROM `index_input` WHERE ( `input_pid` = 351 )  [ RunTime:0.000000s ]
SQL: SELECT * FROM `index_classify` WHERE ( `classify_pid` = 231 ) LIMIT 1   [ RunTime:0.000000s ]
SQL: SELECT * FROM `index_classify` WHERE ( `classify_pid` = 232 ) LIMIT 1   [ RunTime:0.001000s ]
SQL: SELECT * FROM `index_classify_type` WHERE ( `type_id` = 7 ) LIMIT 1   [ RunTime:0.000000s ]
SQL: SELECT COUNT(*) AS tp_count FROM `index_relevance` WHERE ( `classify_id` = 232 ) LIMIT 1   [ RunTime:0.000000s ]
SQL: SELECT * FROM `index_input` WHERE ( `input_pid` = 351 )  [ RunTime:0.000000s ]
SQL: SELECT * FROM `index_classify` WHERE ( `classify_pid` = 232 ) LIMIT 1   [ RunTime:0.001000s ]
INFO: ParseTemplate Behavior ::run [ RunTime:0.092000s ]
INFO: [ view_parse ] --END-- [ RunTime:0.092000s ]
INFO: [ view_filter ] --START--
INFO: ContentReplace Behavior ::run [ RunTime:0.000000s ]
INFO: TokenBuild Behavior ::run [ RunTime:0.001000s ]
INFO: WriteHtmlCache Behavior ::run [ RunTime:0.000000s ]
INFO: ShowRuntime Behavior ::run [ RunTime:0.000000s ]
INFO: [ view_filter ] --END-- [ RunTime:0.001000s ]
INFO: [ view_end ] --START--
INFO: ShowPageTrace Behavior ::run [ RunTime:0.001000s ]
INFO: [ view_end ] --END-- [ RunTime:0.001000s ]

[ 2019-08-24T18:35:27+08:00 ] 0.0.0.0 /ceshi/admin.php?m=classify&a=edit&classify_id=2
INFO: [ app_begin ] --START--
INFO: ReadHtmlCache Behavior ::run [ RunTime:0.000000s ]
INFO: [ app_begin ] --END-- [ RunTime:0.001000s ]
NOTIC: [8] Constant THEME_NAME already defined D:\phpStudy\WWW\ceshi\ThinkPHP\Lib\Core\View.class.php 第 223 行.
NOTIC: [8] Constant THEME_PATH already defined D:\phpStudy\WWW\ceshi\ThinkPHP\Lib\Core\View.class.php 第 174 行.
NOTIC: [8] Constant APP_TMPL_PATH already defined D:\phpStudy\WWW\ceshi\ThinkPHP\Lib\Core\View.class.php 第 175 行.
INFO: [ view_parse ] --START--
SQL: SHOW COLUMNS FROM `index_function_switch` [ RunTime:0.009000s ]
SQL: SELECT * FROM `index_function_switch` WHERE ( `function_switch_id` = 1 ) LIMIT 1   [ RunTime:0.001000s ]
SQL: SHOW COLUMNS FROM `index_user_page` [ RunTime:0.004000s ]
SQL: SELECT * FROM `index_user_page` WHERE ( `user_id` = 1 )  [ RunTime:0.001000s ]
NOTIC: [2] Invalid argument supplied for foreach() D:\phpStudy\WWW\ceshi\Admin\Tpl\public\head.php 第 17 行.
SQL: SHOW COLUMNS FROM `index_site` [ RunTime:0.004000s ]
SQL: SELECT * FROM `index_site` LIMIT 1   [ RunTime:0.001000s ]
SQL: SHOW COLUMNS FROM `index_classify` [ RunTime:0.006000s ]
SQL: SELECT * FROM `index_classify` WHERE ( `classify_id` = 2 ) LIMIT 1   [ RunTime:0.000000s ]
SQL: SELECT `classify_id`,`level_id`,`classify_pid`,`type_id`,`classify_name` FROM `index_classify` WHERE ( `version_id` = 1 )  [ RunTime:0.000000s ]
SQL: SHOW COLUMNS FROM `index_relevance` [ RunTime:0.008000s ]
SQL: SELECT COUNT(*) AS tp_count FROM `index_relevance` WHERE ( `classify_id` = 2 ) LIMIT 1   [ RunTime:0.000000s ]
SQL: SHOW COLUMNS FROM `index_classify_type` [ RunTime:0.004000s ]
SQL: SELECT * FROM `index_classify_type` WHERE ( `show_id` = 2 ) ORDER BY date asc  [ RunTime:0.000000s ]
SQL: SHOW COLUMNS FROM `index_input` [ RunTime:0.009000s ]
SQL: SELECT * FROM `index_input` WHERE ( `type_id` = 4 ) AND ( `edit_switch` = 2 ) AND (  (`input_pid` is null)  ) ORDER BY date asc  [ RunTime:0.001000s ]
NOTIC: [8] Undefined variable: field_name D:\phpStudy\WWW\ceshi\Admin\Runtime\Cache\8e87b43eac54823303b8e5741296e940.php 第 311 行.
INFO: ParseTemplate Behavior ::run [ RunTime:0.068000s ]
INFO: [ view_parse ] --END-- [ RunTime:0.068000s ]
INFO: [ view_filter ] --START--
INFO: ContentReplace Behavior ::run [ RunTime:0.001000s ]
INFO: TokenBuild Behavior ::run [ RunTime:0.001000s ]
INFO: WriteHtmlCache Behavior ::run [ RunTime:0.000000s ]
INFO: ShowRuntime Behavior ::run [ RunTime:0.000000s ]
INFO: [ view_filter ] --END-- [ RunTime:0.002000s ]
INFO: [ view_end ] --START--
INFO: ShowPageTrace Behavior ::run [ RunTime:0.001000s ]
INFO: [ view_end ] --END-- [ RunTime:0.001000s ]

[ 2019-08-24T18:35:31+08:00 ] 0.0.0.0 /ceshi/admin.php?m=classify&a=add&classify_id=2&time=1566642916
INFO: [ app_begin ] --START--
INFO: ReadHtmlCache Behavior ::run [ RunTime:0.001000s ]
INFO: [ app_begin ] --END-- [ RunTime:0.001000s ]
NOTIC: [8] Constant THEME_NAME already defined D:\phpStudy\WWW\ceshi\ThinkPHP\Lib\Core\View.class.php 第 223 行.
NOTIC: [8] Constant THEME_PATH already defined D:\phpStudy\WWW\ceshi\ThinkPHP\Lib\Core\View.class.php 第 174 行.
NOTIC: [8] Constant APP_TMPL_PATH already defined D:\phpStudy\WWW\ceshi\ThinkPHP\Lib\Core\View.class.php 第 175 行.
INFO: [ view_parse ] --START--
SQL: SHOW COLUMNS FROM `index_function_switch` [ RunTime:0.005000s ]
SQL: SELECT * FROM `index_function_switch` WHERE ( `function_switch_id` = 1 ) LIMIT 1   [ RunTime:0.000000s ]
SQL: SHOW COLUMNS FROM `index_user_page` [ RunTime:0.004000s ]
SQL: SELECT * FROM `index_user_page` WHERE ( `user_id` = 1 )  [ RunTime:0.000000s ]
NOTIC: [2] Invalid argument supplied for foreach() D:\phpStudy\WWW\ceshi\Admin\Tpl\public\head.php 第 17 行.
SQL: SHOW COLUMNS FROM `index_site` [ RunTime:0.007000s ]
SQL: SELECT * FROM `index_site` LIMIT 1   [ RunTime:0.000000s ]
SQL: SHOW COLUMNS FROM `index_classify` [ RunTime:0.004000s ]
SQL: SELECT * FROM `index_classify` WHERE ( `classify_id` = 2 ) LIMIT 1   [ RunTime:0.000000s ]
SQL: SELECT `classify_id`,`level_id`,`classify_pid`,`type_id`,`classify_name` FROM `index_classify` WHERE ( `version_id` = 1 )  [ RunTime:0.001000s ]
SQL: SHOW COLUMNS FROM `index_classify_type` [ RunTime:0.005000s ]
SQL: SELECT * FROM `index_classify_type` WHERE ( `show_id` = 2 ) ORDER BY date asc  [ RunTime:0.000000s ]
SQL: SHOW COLUMNS FROM `index_input` [ RunTime:0.004000s ]
SQL: SELECT * FROM `index_input` WHERE ( `type_id` = 4 ) AND ( `edit_switch` = 2 ) AND (  (`input_pid` is null)  ) ORDER BY date asc  [ RunTime:0.001000s ]
NOTIC: [8] Undefined variable: field_name D:\phpStudy\WWW\ceshi\Admin\Runtime\Cache\697d97411a70c654e64c16d458ffde1b.php 第 268 行.
INFO: ParseTemplate Behavior ::run [ RunTime:0.049000s ]
INFO: [ view_parse ] --END-- [ RunTime:0.050000s ]
INFO: [ view_filter ] --START--
INFO: ContentReplace Behavior ::run [ RunTime:0.000000s ]
INFO: TokenBuild Behavior ::run [ RunTime:0.001000s ]
INFO: WriteHtmlCache Behavior ::run [ RunTime:0.000000s ]
INFO: ShowRuntime Behavior ::run [ RunTime:0.001000s ]
INFO: [ view_filter ] --END-- [ RunTime:0.002000s ]
INFO: [ view_end ] --START--
INFO: ShowPageTrace Behavior ::run [ RunTime:0.000000s ]
INFO: [ view_end ] --END-- [ RunTime:0.000000s ]

[ 2019-08-24T18:35:35+08:00 ] 0.0.0.0 /ceshi/admin.php?m=classify&a=edit&classify_id=2
INFO: [ app_begin ] --START--
INFO: ReadHtmlCache Behavior ::run [ RunTime:0.000000s ]
INFO: [ app_begin ] --END-- [ RunTime:0.000000s ]
NOTIC: [8] Constant THEME_NAME already defined D:\phpStudy\WWW\ceshi\ThinkPHP\Lib\Core\View.class.php 第 223 行.
NOTIC: [8] Constant THEME_PATH already defined D:\phpStudy\WWW\ceshi\ThinkPHP\Lib\Core\View.class.php 第 174 行.
NOTIC: [8] Constant APP_TMPL_PATH already defined D:\phpStudy\WWW\ceshi\ThinkPHP\Lib\Core\View.class.php 第 175 行.
INFO: [ view_parse ] --START--
SQL: SHOW COLUMNS FROM `index_function_switch` [ RunTime:0.003000s ]
SQL: SELECT * FROM `index_function_switch` WHERE ( `function_switch_id` = 1 ) LIMIT 1   [ RunTime:0.000000s ]
SQL: SHOW COLUMNS FROM `index_user_page` [ RunTime:0.004000s ]
SQL: SELECT * FROM `index_user_page` WHERE ( `user_id` = 1 )  [ RunTime:0.000000s ]
NOTIC: [2] Invalid argument supplied for foreach() D:\phpStudy\WWW\ceshi\Admin\Tpl\public\head.php 第 17 行.
SQL: SHOW COLUMNS FROM `index_site` [ RunTime:0.004000s ]
SQL: SELECT * FROM `index_site` LIMIT 1   [ RunTime:0.000000s ]
SQL: SHOW COLUMNS FROM `index_classify` [ RunTime:0.006000s ]
SQL: SELECT * FROM `index_classify` WHERE ( `classify_id` = 2 ) LIMIT 1   [ RunTime:0.000000s ]
SQL: SELECT `classify_id`,`level_id`,`classify_pid`,`type_id`,`classify_name` FROM `index_classify` WHERE ( `version_id` = 1 )  [ RunTime:0.000000s ]
SQL: SHOW COLUMNS FROM `index_relevance` [ RunTime:0.004000s ]
SQL: SELECT COUNT(*) AS tp_count FROM `index_relevance` WHERE ( `classify_id` = 2 ) LIMIT 1   [ RunTime:0.001000s ]
SQL: SHOW COLUMNS FROM `index_classify_type` [ RunTime:0.004000s ]
SQL: SELECT * FROM `index_classify_type` WHERE ( `show_id` = 2 ) ORDER BY date asc  [ RunTime:0.000000s ]
SQL: SHOW COLUMNS FROM `index_input` [ RunTime:0.005000s ]
SQL: SELECT * FROM `index_input` WHERE ( `type_id` = 4 ) AND ( `edit_switch` = 2 ) AND (  (`input_pid` is null)  ) ORDER BY date asc  [ RunTime:0.001000s ]
NOTIC: [8] Undefined variable: field_name D:\phpStudy\WWW\ceshi\Admin\Runtime\Cache\8e87b43eac54823303b8e5741296e940.php 第 311 行.
INFO: ParseTemplate Behavior ::run [ RunTime:0.054000s ]
INFO: [ view_parse ] --END-- [ RunTime:0.054000s ]
INFO: [ view_filter ] --START--
INFO: ContentReplace Behavior ::run [ RunTime:0.001000s ]
INFO: TokenBuild Behavior ::run [ RunTime:0.000000s ]
INFO: WriteHtmlCache Behavior ::run [ RunTime:0.001000s ]
INFO: ShowRuntime Behavior ::run [ RunTime:0.000000s ]
INFO: [ view_filter ] --END-- [ RunTime:0.002000s ]
INFO: [ view_end ] --START--
INFO: ShowPageTrace Behavior ::run [ RunTime:0.001000s ]
INFO: [ view_end ] --END-- [ RunTime:0.001000s ]

[ 2019-08-24T18:35:36+08:00 ] 0.0.0.0 /ceshi/admin.php?m=site&a=classify_code&classify_id=2&field=classify_pid
INFO: [ app_begin ] --START--
INFO: ReadHtmlCache Behavior ::run [ RunTime:0.000000s ]
INFO: [ app_begin ] --END-- [ RunTime:0.000000s ]

[ 2019-08-24T18:35:46+08:00 ] 0.0.0.0 /ceshi/admin.php?m=site&a=classify_children&type_id=4&input_type_id=1&field=classify_name
INFO: [ app_begin ] --START--
INFO: ReadHtmlCache Behavior ::run [ RunTime:0.000000s ]
INFO: [ app_begin ] --END-- [ RunTime:0.000000s ]

[ 2019-08-24T18:35:52+08:00 ] 0.0.0.0 /ceshi/admin.php?m=classify&a=edit&classify_id=3
INFO: [ app_begin ] --START--
INFO: ReadHtmlCache Behavior ::run [ RunTime:0.000000s ]
INFO: [ app_begin ] --END-- [ RunTime:0.000000s ]
NOTIC: [8] Constant THEME_NAME already defined D:\phpStudy\WWW\ceshi\ThinkPHP\Lib\Core\View.class.php 第 223 行.
NOTIC: [8] Constant THEME_PATH already defined D:\phpStudy\WWW\ceshi\ThinkPHP\Lib\Core\View.class.php 第 174 行.
NOTIC: [8] Constant APP_TMPL_PATH already defined D:\phpStudy\WWW\ceshi\ThinkPHP\Lib\Core\View.class.php 第 175 行.
INFO: [ view_parse ] --START--
SQL: SHOW COLUMNS FROM `index_function_switch` [ RunTime:0.006000s ]
SQL: SELECT * FROM `index_function_switch` WHERE ( `function_switch_id` = 1 ) LIMIT 1   [ RunTime:0.000000s ]
SQL: SHOW COLUMNS FROM `index_user_page` [ RunTime:0.003000s ]
SQL: SELECT * FROM `index_user_page` WHERE ( `user_id` = 1 )  [ RunTime:0.000000s ]
NOTIC: [2] Invalid argument supplied for foreach() D:\phpStudy\WWW\ceshi\Admin\Tpl\public\head.php 第 17 行.
SQL: SHOW COLUMNS FROM `index_site` [ RunTime:0.003000s ]
SQL: SELECT * FROM `index_site` LIMIT 1   [ RunTime:0.001000s ]
SQL: SHOW COLUMNS FROM `index_classify` [ RunTime:0.004000s ]
SQL: SELECT * FROM `index_classify` WHERE ( `classify_id` = 3 ) LIMIT 1   [ RunTime:0.000000s ]
SQL: SELECT `classify_id`,`level_id`,`classify_pid`,`type_id`,`classify_name` FROM `index_classify` WHERE ( `version_id` = 1 )  [ RunTime:0.001000s ]
SQL: SHOW COLUMNS FROM `index_relevance` [ RunTime:0.004000s ]
SQL: SELECT COUNT(*) AS tp_count FROM `index_relevance` WHERE ( `classify_id` = 3 ) LIMIT 1   [ RunTime:0.000000s ]
SQL: SHOW COLUMNS FROM `index_classify_type` [ RunTime:0.003000s ]
SQL: SELECT * FROM `index_classify_type` WHERE ( `show_id` = 2 ) ORDER BY date asc  [ RunTime:0.000000s ]
SQL: SHOW COLUMNS FROM `index_input` [ RunTime:0.004000s ]
SQL: SELECT * FROM `index_input` WHERE ( `type_id` = 4 ) AND ( `edit_switch` = 2 ) AND (  (`input_pid` is null)  ) ORDER BY date asc  [ RunTime:0.000000s ]
NOTIC: [8] Undefined variable: field_name D:\phpStudy\WWW\ceshi\Admin\Runtime\Cache\8e87b43eac54823303b8e5741296e940.php 第 311 行.
INFO: ParseTemplate Behavior ::run [ RunTime:0.044000s ]
INFO: [ view_parse ] --END-- [ RunTime:0.044000s ]
INFO: [ view_filter ] --START--
INFO: ContentReplace Behavior ::run [ RunTime:0.001000s ]
INFO: TokenBuild Behavior ::run [ RunTime:0.000000s ]
INFO: WriteHtmlCache Behavior ::run [ RunTime:0.000000s ]
INFO: ShowRuntime Behavior ::run [ RunTime:0.001000s ]
INFO: [ view_filter ] --END-- [ RunTime:0.002000s ]
INFO: [ view_end ] --START--
INFO: ShowPageTrace Behavior ::run [ RunTime:0.000000s ]
INFO: [ view_end ] --END-- [ RunTime:0.000000s ]

[ 2019-08-24T18:35:54+08:00 ] 0.0.0.0 /ceshi/admin.php?m=site&a=classify_children&type_id=4&input_type_id=1&field=classify_name
INFO: [ app_begin ] --START--
INFO: ReadHtmlCache Behavior ::run [ RunTime:0.001000s ]
INFO: [ app_begin ] --END-- [ RunTime:0.001000s ]

[ 2019-08-24T18:35:59+08:00 ] 0.0.0.0 /ceshi/admin.php?m=site&a=classify_children&type_id=4&input_type_id=1&field=classify_url
INFO: [ app_begin ] --START--
INFO: ReadHtmlCache Behavior ::run [ RunTime:0.000000s ]
INFO: [ app_begin ] --END-- [ RunTime:0.000000s ]

[ 2019-08-24T18:59:14+08:00 ] 0.0.0.0 /8000/admin.php
INFO: [ app_begin ] --START--
INFO: ReadHtmlCache Behavior ::run [ RunTime:0.002000s ]
INFO: [ app_begin ] --END-- [ RunTime:0.002000s ]
INFO: [ view_parse ] --START--
NOTIC: [8] Undefined variable: onlymsg D:\PHP\PHPTutorial\WWW\8000\ThinkPHP\Common\common.php 第 847 行.
NOTIC: [8] Undefined variable: onlymsg D:\PHP\PHPTutorial\WWW\8000\ThinkPHP\Common\common.php 第 879 行.

[ 2019-08-24T18:59:16+08:00 ] 0.0.0.0 /8000/admin.php?m=login&a=index
INFO: [ app_begin ] --START--
INFO: ReadHtmlCache Behavior ::run [ RunTime:0.000000s ]
INFO: [ app_begin ] --END-- [ RunTime:0.000000s ]
INFO: [ view_parse ] --START--
SQL: SHOW COLUMNS FROM `index_site` [ RunTime:0.006001s ]
SQL: SELECT * FROM `index_site` ORDER BY date asc LIMIT 1   [ RunTime:0.001000s ]
INFO: ParseTemplate Behavior ::run [ RunTime:0.027002s ]
INFO: [ view_parse ] --END-- [ RunTime:0.027002s ]
INFO: [ view_filter ] --START--
INFO: ContentReplace Behavior ::run [ RunTime:0.001000s ]
INFO: TokenBuild Behavior ::run [ RunTime:0.000000s ]
INFO: WriteHtmlCache Behavior ::run [ RunTime:0.001000s ]
INFO: ShowRuntime Behavior ::run [ RunTime:0.000000s ]
INFO: [ view_filter ] --END-- [ RunTime:0.002000s ]
INFO: [ view_end ] --START--
INFO: ShowPageTrace Behavior ::run [ RunTime:0.001000s ]
INFO: [ view_end ] --END-- [ RunTime:0.001000s ]

[ 2019-08-24T18:59:24+08:00 ] 0.0.0.0 /8000/admin.php?m=login&a=login_save
INFO: [ app_begin ] --START--
INFO: ReadHtmlCache Behavior ::run [ RunTime:0.001000s ]
INFO: [ app_begin ] --END-- [ RunTime:0.001000s ]
SQL: SHOW COLUMNS FROM `index_user` [ RunTime:0.005000s ]
SQL: SELECT * FROM `index_user` WHERE ( `username` = 'bjj' ) LIMIT 1   [ RunTime:0.001000s ]
SQL: UPDATE `index_user` SET `secret`=312231,`password`='3a5fce47a96229eddc674a4948ad22fe' WHERE ( `user_id` = 1 ) [ RunTime:0.001000s ]
NOTIC: [2] setcookie() expects parameter 2 to be string, array given D:\PHP\PHPTutorial\WWW\8000\Admin\Lib\Action\loginAction.class.php 第 34 行.
NOTIC: [8] Undefined variable: var D:\PHP\PHPTutorial\WWW\8000\ThinkPHP\Common\functions.php 第 247 行.
NOTIC: [2] array_reverse() expects parameter 1 to be array, null given D:\PHP\PHPTutorial\WWW\8000\ThinkPHP\Common\functions.php 第 247 行.
NOTIC: [2] http_build_query(): Parameter 1 expected to be Array or Object.  Incorrect value given D:\PHP\PHPTutorial\WWW\8000\ThinkPHP\Common\functions.php 第 247 行.
INFO: [ view_parse ] --START--
INFO: ParseTemplate Behavior ::run [ RunTime:0.005000s ]
INFO: [ view_parse ] --END-- [ RunTime:0.005000s ]
INFO: [ view_filter ] --START--
INFO: ContentReplace Behavior ::run [ RunTime:0.000000s ]
INFO: TokenBuild Behavior ::run [ RunTime:0.001000s ]
INFO: WriteHtmlCache Behavior ::run [ RunTime:0.000000s ]
INFO: ShowRuntime Behavior ::run [ RunTime:0.000000s ]
INFO: [ view_filter ] --END-- [ RunTime:0.001000s ]
INFO: [ view_end ] --START--
INFO: ShowPageTrace Behavior ::run [ RunTime:0.001000s ]
INFO: [ view_end ] --END-- [ RunTime:0.001000s ]

[ 2019-08-24T18:59:25+08:00 ] 0.0.0.0 /8000/admin.php?
INFO: [ app_begin ] --START--
INFO: ReadHtmlCache Behavior ::run [ RunTime:0.000000s ]
INFO: [ app_begin ] --END-- [ RunTime:0.000000s ]
INFO: [ view_parse ] --START--
SQL: SHOW COLUMNS FROM `index_function_switch` [ RunTime:0.006001s ]
SQL: SELECT * FROM `index_function_switch` WHERE ( `function_switch_id` = 1 ) LIMIT 1   [ RunTime:0.001000s ]
SQL: SHOW COLUMNS FROM `index_user_page` [ RunTime:0.006000s ]
SQL: SELECT * FROM `index_user_page` WHERE ( `user_id` = 1 )  [ RunTime:0.001000s ]
NOTIC: [2] Invalid argument supplied for foreach() D:\PHP\PHPTutorial\WWW\8000\Admin\Tpl\public\head.php 第 17 行.
SQL: SHOW COLUMNS FROM `index_site` [ RunTime:0.005000s ]
SQL: SELECT * FROM `index_site` LIMIT 1   [ RunTime:0.001001s ]
SQL: SELECT * FROM `index_site`  [ RunTime:0.001000s ]
SQL: SHOW COLUMNS FROM `index_admin_classify` [ RunTime:0.005000s ]
SQL: SELECT * FROM `index_admin_classify` WHERE ( `level_id` = 2 ) ORDER BY date asc  [ RunTime:0.001000s ]
SQL: SHOW COLUMNS FROM `index_user_classify` [ RunTime:0.005000s ]
SQL: SELECT * FROM `index_user_classify` WHERE ( `user_id` = 1 ) AND ( `classify_id` = 2 ) LIMIT 1   [ RunTime:0.001000s ]
SQL: SELECT * FROM `index_user_classify` WHERE ( `user_id` = 1 ) AND ( `classify_id` = 3 ) LIMIT 1   [ RunTime:0.001000s ]
SQL: SELECT * FROM `index_user_classify` WHERE ( `user_id` = 1 ) AND ( `classify_id` = 16 ) LIMIT 1   [ RunTime:0.001000s ]
SQL: SELECT * FROM `index_user_classify` WHERE ( `user_id` = 1 ) AND ( `classify_id` = 15 ) LIMIT 1   [ RunTime:0.001001s ]
SQL: SELECT * FROM `index_user_classify` WHERE ( `user_id` = 1 ) AND ( `classify_id` = 20 ) LIMIT 1   [ RunTime:0.000000s ]
SQL: SELECT * FROM `index_user_classify` WHERE ( `user_id` = 1 ) AND ( `classify_id` = 4 ) LIMIT 1   [ RunTime:0.000000s ]
SQL: SELECT * FROM `index_user_classify` WHERE ( `user_id` = 1 ) AND ( `classify_id` = 5 ) LIMIT 1   [ RunTime:0.001000s ]
SQL: SELECT * FROM `index_user_classify` WHERE ( `user_id` = 1 ) AND ( `classify_id` = 23 ) LIMIT 1   [ RunTime:0.000000s ]
SQL: SELECT * FROM `index_admin_classify` WHERE ( `classify_pid` = null ) ORDER BY date asc  [ RunTime:0.001000s ]
NOTIC: [2] Invalid argument supplied for foreach() D:\PHP\PHPTutorial\WWW\8000\Admin\Tpl\public\top.php 第 36 行.
SQL: SELECT * FROM `index_site` WHERE ( `version_id` = 1 ) LIMIT 1   [ RunTime:0.001000s ]
NOTIC: [8] Undefined index: gonggao D:\PHP\PHPTutorial\WWW\8000\Admin\Tpl\public\top.php 第 53 行.
SQL: SELECT * FROM `index_site` LIMIT 1   [ RunTime:0.001000s ]
NOTIC: [8] Undefined index: order_site_id D:\PHP\PHPTutorial\WWW\8000\Admin\Runtime\Cache\d74b1b5354fc9f05c91cb0d6ad6a9473.php 第 5 行.
INFO: ParseTemplate Behavior ::run [ RunTime:0.060004s ]
INFO: [ view_parse ] --END-- [ RunTime:0.060004s ]
INFO: [ view_filter ] --START--
INFO: ContentReplace Behavior ::run [ RunTime:0.000000s ]
INFO: TokenBuild Behavior ::run [ RunTime:0.001000s ]
INFO: WriteHtmlCache Behavior ::run [ RunTime:0.000000s ]
INFO: ShowRuntime Behavior ::run [ RunTime:0.001000s ]
INFO: [ view_filter ] --END-- [ RunTime:0.002000s ]
INFO: [ view_end ] --START--
INFO: ShowPageTrace Behavior ::run [ RunTime:0.000000s ]
INFO: [ view_end ] --END-- [ RunTime:0.000000s ]

