[ 2019-08-27T18:38:39+08:00 ] 0.0.0.0 /8000/index.php
INFO: [ app_begin ] --START--
INFO: ReadHtmlCache Behavior ::run [ RunTime:0.000000s ]
INFO: [ app_begin ] --END-- [ RunTime:0.000000s ]
INFO: [ view_parse ] --START--
SQL: SHOW COLUMNS FROM `index_classify_type` [ RunTime:0.009000s ]
SQL: SELECT `type_id` FROM `index_classify_type` WHERE ( `table_name` = 'Index' ) LIMIT 1   [ RunTime:0.001000s ]
SQL: SELECT `table_name` FROM `index_classify_type` WHERE ( `type_id` = null ) LIMIT 1   [ RunTime:0.001000s ]
SQL: SHOW COLUMNS FROM `index_site` [ RunTime:0.009001s ]
SQL: SELECT * FROM `index_site` WHERE ( `version_id` = 1 ) LIMIT 1   [ RunTime:0.001000s ]
SQL: SHOW COLUMNS FROM `index_seo` [ RunTime:0.007000s ]
SQL: SELECT * FROM `index_seo` WHERE ( `module_name` = 'Index' ) AND ( `action_name` = 'index' ) AND ( `version_id` = 1 ) LIMIT 1   [ RunTime:0.001000s ]
SQL: SHOW COLUMNS FROM `index_classify` [ RunTime:0.006001s ]
SQL: SELECT * FROM `index_classify` WHERE ( `classify_id` = 3 ) LIMIT 1   [ RunTime:0.001000s ]
SQL: SHOW COLUMNS FROM `index_relevance` [ RunTime:0.006000s ]
SQL: SELECT `type_id` FROM `index_classify_type` WHERE ( `table_name` = 'Index' ) LIMIT 1   [ RunTime:0.001000s ]
SQL: SELECT `classify_id` FROM `index_relevance` WHERE ( `content_id` = 0 ) AND ( `main_id` = 1 ) AND ( `type_id` = null ) LIMIT 1   [ RunTime:0.001000s ]
SQL: SELECT `type_id` FROM `index_classify_type` WHERE ( `table_name` = 'Index' ) LIMIT 1   [ RunTime:0.000000s ]
SQL: SELECT `level_id`,`classify_id`,`classify_pid` FROM `index_classify` WHERE ( `classify_id` = null ) LIMIT 1   [ RunTime:0.001000s ]
SQL: SHOW COLUMNS FROM `index_cart` [ RunTime:0.005001s ]
SQL: SELECT COUNT(*) AS tp_count FROM `index_cart` WHERE ( `member_id` = null ) LIMIT 1   [ RunTime:0.001000s ]
SQL: SHOW COLUMNS FROM `index_account` [ RunTime:0.007000s ]
SQL: SELECT `balance` FROM `index_account` WHERE ( `member_id` = null ) ORDER BY account_id desc LIMIT 1   [ RunTime:0.001000s ]
SQL: SELECT * FROM `index_classify` WHERE ( `classify_pid` = 2 ) ORDER BY date asc  [ RunTime:0.001000s ]
SQL: SELECT * FROM `index_classify` WHERE ( `classify_pid` = 3 ) ORDER BY date asc LIMIT 1   [ RunTime:0.001000s ]
SQL: SELECT * FROM `index_classify_type` WHERE ( `type_id` = 13 ) LIMIT 1   [ RunTime:0.001000s ]
SQL: SELECT * FROM `index_classify` WHERE ( `classify_id` = 3 ) LIMIT 1   [ RunTime:0.001000s ]
SQL: SELECT * FROM `index_classify` WHERE ( `classify_pid` = 205 ) ORDER BY date asc LIMIT 1   [ RunTime:0.001000s ]
SQL: SELECT * FROM `index_classify_type` WHERE ( `type_id` = 3 ) LIMIT 1   [ RunTime:0.001000s ]
SQL: SELECT * FROM `index_classify` WHERE ( `classify_id` = 205 ) LIMIT 1   [ RunTime:0.001000s ]
SQL: SELECT * FROM `index_classify` WHERE ( `classify_pid` = 205 ) ORDER BY date asc  [ RunTime:0.001001s ]
SQL: SELECT * FROM `index_classify_type` WHERE ( `type_id` = 13 ) LIMIT 1   [ RunTime:0.000000s ]
SQL: SELECT * FROM `index_classify` WHERE ( `classify_id` = 211 ) LIMIT 1   [ RunTime:0.000000s ]
SQL: SELECT * FROM `index_classify_type` WHERE ( `type_id` = 3 ) LIMIT 1   [ RunTime:0.001000s ]
SQL: SELECT * FROM `index_classify` WHERE ( `classify_id` = 212 ) LIMIT 1   [ RunTime:0.001000s ]
SQL: SELECT * FROM `index_classify_type` WHERE ( `type_id` = 3 ) LIMIT 1   [ RunTime:0.001000s ]
SQL: SELECT * FROM `index_classify` WHERE ( `classify_id` = 213 ) LIMIT 1   [ RunTime:0.001000s ]
SQL: SELECT * FROM `index_classify` WHERE ( `classify_pid` = 206 ) ORDER BY date asc LIMIT 1   [ RunTime:0.001000s ]
SQL: SELECT * FROM `index_classify_type` WHERE ( `type_id` = 13 ) LIMIT 1   [ RunTime:0.000000s ]
SQL: SELECT * FROM `index_classify` WHERE ( `classify_id` = 206 ) LIMIT 1   [ RunTime:0.001000s ]
SQL: SELECT * FROM `index_classify` WHERE ( `classify_pid` = 207 ) ORDER BY date asc LIMIT 1   [ RunTime:0.001000s ]
SQL: SELECT * FROM `index_classify_type` WHERE ( `type_id` = 64 ) LIMIT 1   [ RunTime:0.001000s ]
SQL: SELECT * FROM `index_classify` WHERE ( `classify_id` = 207 ) LIMIT 1   [ RunTime:0.001000s ]
SQL: SELECT * FROM `index_classify` WHERE ( `classify_pid` = 207 ) ORDER BY date asc  [ RunTime:0.001000s ]
SQL: SELECT * FROM `index_classify_type` WHERE ( `type_id` = 64 ) LIMIT 1   [ RunTime:0.001000s ]
SQL: SELECT * FROM `index_classify` WHERE ( `classify_id` = 215 ) LIMIT 1   [ RunTime:0.001000s ]
SQL: SELECT * FROM `index_classify_type` WHERE ( `type_id` = 64 ) LIMIT 1   [ RunTime:0.001000s ]
SQL: SELECT * FROM `index_classify` WHERE ( `classify_id` = 216 ) LIMIT 1   [ RunTime:0.001000s ]
SQL: SELECT * FROM `index_classify_type` WHERE ( `type_id` = 64 ) LIMIT 1   [ RunTime:0.001000s ]
SQL: SELECT * FROM `index_classify` WHERE ( `classify_id` = 217 ) LIMIT 1   [ RunTime:0.001001s ]
SQL: SELECT * FROM `index_classify_type` WHERE ( `type_id` = 64 ) LIMIT 1   [ RunTime:0.001000s ]
SQL: SELECT * FROM `index_classify` WHERE ( `classify_id` = 218 ) LIMIT 1   [ RunTime:0.001000s ]
SQL: SELECT * FROM `index_classify` WHERE ( `classify_pid` = 208 ) ORDER BY date asc LIMIT 1   [ RunTime:0.001000s ]
SQL: SELECT * FROM `index_classify_type` WHERE ( `type_id` = 62 ) LIMIT 1   [ RunTime:0.001000s ]
SQL: SELECT * FROM `index_classify` WHERE ( `classify_id` = 208 ) LIMIT 1   [ RunTime:0.001000s ]
SQL: SELECT * FROM `index_classify` WHERE ( `classify_pid` = 208 ) ORDER BY date asc  [ RunTime:0.000000s ]
SQL: SELECT * FROM `index_classify_type` WHERE ( `type_id` = 62 ) LIMIT 1   [ RunTime:0.000000s ]
SQL: SELECT * FROM `index_classify` WHERE ( `classify_id` = 255 ) LIMIT 1   [ RunTime:0.001000s ]
SQL: SELECT * FROM `index_classify_type` WHERE ( `type_id` = 62 ) LIMIT 1   [ RunTime:0.001000s ]
SQL: SELECT * FROM `index_classify` WHERE ( `classify_id` = 256 ) LIMIT 1   [ RunTime:0.001000s ]
SQL: SELECT * FROM `index_classify_type` WHERE ( `type_id` = 62 ) LIMIT 1   [ RunTime:0.000000s ]
SQL: SELECT * FROM `index_classify` WHERE ( `classify_id` = 257 ) LIMIT 1   [ RunTime:0.001000s ]
SQL: SELECT * FROM `index_classify` WHERE ( `classify_pid` = 209 ) ORDER BY date asc LIMIT 1   [ RunTime:0.001000s ]
SQL: SELECT * FROM `index_classify_type` WHERE ( `type_id` = 14 ) LIMIT 1   [ RunTime:0.001000s ]
SQL: SELECT * FROM `index_classify` WHERE ( `classify_id` = 209 ) LIMIT 1   [ RunTime:0.001000s ]
SQL: SELECT * FROM `index_classify` WHERE ( `classify_pid` = 209 ) ORDER BY date asc  [ RunTime:0.000000s ]
SQL: SELECT * FROM `index_classify_type` WHERE ( `type_id` = 14 ) LIMIT 1   [ RunTime:0.001000s ]
SQL: SELECT * FROM `index_classify` WHERE ( `classify_id` = 219 ) LIMIT 1   [ RunTime:0.001000s ]
SQL: SELECT * FROM `index_classify_type` WHERE ( `type_id` = 14 ) LIMIT 1   [ RunTime:0.001000s ]
SQL: SELECT * FROM `index_classify` WHERE ( `classify_id` = 220 ) LIMIT 1   [ RunTime:0.000000s ]
SQL: SELECT * FROM `index_classify_type` WHERE ( `type_id` = 14 ) LIMIT 1   [ RunTime:0.000000s ]
SQL: SELECT * FROM `index_classify` WHERE ( `classify_id` = 221 ) LIMIT 1   [ RunTime:0.000000s ]
SQL: SELECT * FROM `index_classify` WHERE ( `classify_pid` = 210 ) ORDER BY date asc LIMIT 1   [ RunTime:0.001000s ]
SQL: SELECT * FROM `index_classify_type` WHERE ( `type_id` = 65 ) LIMIT 1   [ RunTime:0.001000s ]
SQL: SELECT * FROM `index_classify` WHERE ( `classify_id` = 210 ) LIMIT 1   [ RunTime:0.000000s ]
SQL: SELECT * FROM `index_classify` WHERE ( `classify_id` = 222 ) LIMIT 1   [ RunTime:0.001000s ]
SQL: SELECT * FROM `index_classify` WHERE ( `classify_id` = 222 ) LIMIT 1   [ RunTime:0.001000s ]
SQL: SELECT * FROM `index_classify` WHERE ( `classify_id` = 222 ) LIMIT 1   [ RunTime:0.001000s ]
SQL: SELECT * FROM index_goods n,index_relevance r WHERE ( r.classify_id =222 and r.content_id=n.goods_id ) ORDER BY date desc  [ RunTime:0.004000s ]
SQL: SELECT * FROM `index_classify` WHERE ( `classify_id` = 214 ) LIMIT 1   [ RunTime:0.001000s ]
SQL: SELECT * FROM `index_classify` WHERE ( `classify_id` = 214 ) LIMIT 1   [ RunTime:0.000000s ]
SQL: SELECT * FROM index_goods n,index_relevance r WHERE ( r.classify_id =214 and r.content_id=n.goods_id ) ORDER BY date desc  [ RunTime:0.005000s ]
SQL: SELECT * FROM `index_classify` WHERE ( `classify_id` = 224 ) LIMIT 1   [ RunTime:0.001001s ]
SQL: SELECT * FROM `index_classify` WHERE ( `classify_id` = 224 ) LIMIT 1   [ RunTime:0.001000s ]
SQL: SELECT * FROM index_goods n,index_relevance r WHERE ( r.classify_id =224 and r.content_id=n.goods_id ) ORDER BY date desc  [ RunTime:0.006000s ]
SQL: SELECT * FROM `index_classify` WHERE ( `classify_id` = 225 ) LIMIT 1   [ RunTime:0.001000s ]
SQL: SELECT * FROM `index_classify` WHERE ( `classify_id` = 225 ) LIMIT 1   [ RunTime:0.001000s ]
SQL: SELECT * FROM index_goods n,index_relevance r WHERE ( r.classify_id =225 and r.content_id=n.goods_id ) ORDER BY date desc  [ RunTime:0.005000s ]
SQL: SELECT * FROM index_goods n,index_relevance r WHERE ( r.classify_id =226 and r.content_id=n.goods_id ) ORDER BY date desc  [ RunTime:0.005001s ]
SQL: SELECT * FROM `index_classify` WHERE ( `classify_id` = 227 ) LIMIT 1   [ RunTime:0.001000s ]
SQL: SELECT * FROM `index_classify` WHERE ( `classify_id` = 227 ) LIMIT 1   [ RunTime:0.001000s ]
SQL: SELECT * FROM index_goods n,index_relevance r WHERE ( r.classify_id =227 and r.content_id=n.goods_id ) ORDER BY date desc  [ RunTime:0.005000s ]
SQL: SELECT * FROM index_goods n,index_relevance r WHERE ( r.classify_id =227 and r.content_id=n.goods_id ) ORDER BY date desc  [ RunTime:0.005000s ]
SQL: SELECT * FROM index_link n,index_relevance r WHERE ( r.classify_id =229 and r.content_id=n.link_id ) ORDER BY date desc  [ RunTime:0.001000s ]
SQL: SELECT * FROM `index_classify` WHERE ( `classify_id` = 230 ) LIMIT 1   [ RunTime:0.001000s ]
SQL: SELECT * FROM `index_classify` WHERE ( `classify_id` = 230 ) LIMIT 1   [ RunTime:0.001001s ]
SQL: SELECT * FROM `index_classify` WHERE ( `classify_id` = 230 ) LIMIT 1   [ RunTime:0.001000s ]
SQL: SELECT * FROM index_news n,index_relevance r WHERE ( r.classify_id =230 and r.content_id=n.news_id ) ORDER BY date desc  [ RunTime:0.006000s ]
SQL: SELECT * FROM `index_classify` WHERE ( `classify_id` = 231 ) LIMIT 1   [ RunTime:0.001000s ]
SQL: SELECT * FROM `index_classify` WHERE ( `classify_id` = 231 ) LIMIT 1   [ RunTime:0.001000s ]
SQL: SELECT * FROM index_goods n,index_relevance r WHERE ( r.classify_id =231 and r.content_id=n.goods_id ) ORDER BY date desc  [ RunTime:0.005000s ]
SQL: SELECT * FROM `index_classify` WHERE ( `classify_id` = 209 ) LIMIT 1   [ RunTime:0.001000s ]
SQL: SELECT * FROM `index_classify` WHERE ( `classify_id` = 209 ) LIMIT 1   [ RunTime:0.001000s ]
SQL: SELECT * FROM `index_classify` WHERE ( `classify_pid` = 209 ) ORDER BY date asc  [ RunTime:0.000000s ]
SQL: SELECT * FROM `index_classify` WHERE ( `classify_id` = 219 ) LIMIT 1   [ RunTime:0.000000s ]
SQL: SELECT * FROM `index_classify` WHERE ( `classify_id` = 219 ) LIMIT 1   [ RunTime:0.001000s ]
SQL: SELECT * FROM `index_classify` WHERE ( `classify_id` = 220 ) LIMIT 1   [ RunTime:0.001000s ]
SQL: SELECT * FROM `index_classify` WHERE ( `classify_id` = 220 ) LIMIT 1   [ RunTime:0.001000s ]
SQL: SELECT * FROM `index_classify` WHERE ( `classify_id` = 221 ) LIMIT 1   [ RunTime:0.001000s ]
SQL: SELECT * FROM `index_classify` WHERE ( `classify_id` = 221 ) LIMIT 1   [ RunTime:0.000000s ]
SQL: SELECT * FROM index_news n,index_relevance r WHERE ( r.classify_id =219 and r.content_id=n.news_id ) ORDER BY date desc  [ RunTime:0.005000s ]
SQL: SELECT * FROM index_jianjie n,index_relevance r WHERE ( r.classify_id =233 and r.content_id=n.jianjie_id ) ORDER BY date desc  [ RunTime:0.001000s ]
SQL: SELECT * FROM `index_classify` WHERE ( `classify_pid` = 2 ) ORDER BY date asc  [ RunTime:0.001000s ]
SQL: SELECT * FROM `index_classify` WHERE ( `classify_pid` = 3 ) ORDER BY date asc LIMIT 1   [ RunTime:0.001000s ]
SQL: SELECT * FROM `index_classify` WHERE ( `classify_pid` = 205 ) ORDER BY date asc LIMIT 1   [ RunTime:0.001000s ]
SQL: SELECT * FROM `index_classify` WHERE ( `classify_pid` = 206 ) ORDER BY date asc LIMIT 1   [ RunTime:0.001000s ]
SQL: SELECT * FROM `index_classify` WHERE ( `classify_pid` = 206 ) ORDER BY date asc  [ RunTime:0.001001s ]
NOTIC: [2] Invalid argument supplied for foreach() D:\PHP\PHPTutorial\WWW\8000\Index\Tpl\public\foot.php 第 9 行.
SQL: SELECT * FROM `index_classify` WHERE ( `classify_pid` = 207 ) ORDER BY date asc LIMIT 1   [ RunTime:0.001000s ]
SQL: SELECT * FROM `index_classify` WHERE ( `classify_pid` = 207 ) ORDER BY date asc  [ RunTime:0.001000s ]
SQL: SELECT * FROM `index_classify_type` WHERE ( `type_id` = 64 ) LIMIT 1   [ RunTime:0.000000s ]
SQL: SELECT * FROM `index_classify` WHERE ( `classify_id` = 215 ) LIMIT 1   [ RunTime:0.001000s ]
SQL: SELECT * FROM `index_classify_type` WHERE ( `type_id` = 64 ) LIMIT 1   [ RunTime:0.001000s ]
SQL: SELECT * FROM `index_classify` WHERE ( `classify_id` = 216 ) LIMIT 1   [ RunTime:0.001000s ]
SQL: SELECT * FROM `index_classify_type` WHERE ( `type_id` = 64 ) LIMIT 1   [ RunTime:0.001000s ]
SQL: SELECT * FROM `index_classify` WHERE ( `classify_id` = 217 ) LIMIT 1   [ RunTime:0.001000s ]
SQL: SELECT * FROM `index_classify_type` WHERE ( `type_id` = 64 ) LIMIT 1   [ RunTime:0.001000s ]
SQL: SELECT * FROM `index_classify` WHERE ( `classify_id` = 218 ) LIMIT 1   [ RunTime:0.000000s ]
SQL: SELECT * FROM `index_classify` WHERE ( `classify_pid` = 208 ) ORDER BY date asc LIMIT 1   [ RunTime:0.001000s ]
SQL: SELECT * FROM `index_classify` WHERE ( `classify_pid` = 208 ) ORDER BY date asc  [ RunTime:0.001000s ]
SQL: SELECT * FROM `index_classify_type` WHERE ( `type_id` = 62 ) LIMIT 1   [ RunTime:0.001000s ]
SQL: SELECT * FROM `index_classify` WHERE ( `classify_id` = 255 ) LIMIT 1   [ RunTime:0.001000s ]
SQL: SELECT * FROM `index_classify_type` WHERE ( `type_id` = 62 ) LIMIT 1   [ RunTime:0.001000s ]
SQL: SELECT * FROM `index_classify` WHERE ( `classify_id` = 256 ) LIMIT 1   [ RunTime:0.000000s ]
SQL: SELECT * FROM `index_classify_type` WHERE ( `type_id` = 62 ) LIMIT 1   [ RunTime:0.000000s ]
SQL: SELECT * FROM `index_classify` WHERE ( `classify_id` = 257 ) LIMIT 1   [ RunTime:0.001000s ]
SQL: SELECT * FROM `index_classify` WHERE ( `classify_pid` = 209 ) ORDER BY date asc LIMIT 1   [ RunTime:0.001001s ]
SQL: SELECT * FROM `index_classify` WHERE ( `classify_pid` = 210 ) ORDER BY date asc LIMIT 1   [ RunTime:0.001000s ]
SQL: SELECT * FROM `index_classify` WHERE ( `classify_pid` = 210 ) ORDER BY date asc  [ RunTime:0.001000s ]
NOTIC: [2] Invalid argument supplied for foreach() D:\PHP\PHPTutorial\WWW\8000\Index\Tpl\public\foot.php 第 34 行.
SQL: SELECT * FROM `index_classify` WHERE ( `classify_id` = 230 ) ORDER BY date asc LIMIT 1   [ RunTime:0.001000s ]
INFO: ParseTemplate Behavior ::run [ RunTime:0.233014s ]
INFO: [ view_parse ] --END-- [ RunTime:0.233014s ]
INFO: [ view_filter ] --START--
INFO: ContentReplace Behavior ::run [ RunTime:0.001000s ]
INFO: TokenBuild Behavior ::run [ RunTime:0.000000s ]
INFO: WriteHtmlCache Behavior ::run [ RunTime:0.000000s ]
INFO: ShowRuntime Behavior ::run [ RunTime:0.001000s ]
INFO: [ view_filter ] --END-- [ RunTime:0.002000s ]
INFO: [ view_end ] --START--
INFO: ShowPageTrace Behavior ::run [ RunTime:0.001000s ]
INFO: [ view_end ] --END-- [ RunTime:0.001000s ]

[ 2019-08-27T18:41:03+08:00 ] 0.0.0.0 /8000/index.php
INFO: [ app_begin ] --START--
INFO: ReadHtmlCache Behavior ::run [ RunTime:0.001000s ]
INFO: [ app_begin ] --END-- [ RunTime:0.001000s ]
INFO: [ view_parse ] --START--
SQL: SHOW COLUMNS FROM `index_classify_type` [ RunTime:0.007000s ]
SQL: SELECT `type_id` FROM `index_classify_type` WHERE ( `table_name` = 'Index' ) LIMIT 1   [ RunTime:0.001000s ]
SQL: SELECT `table_name` FROM `index_classify_type` WHERE ( `type_id` = null ) LIMIT 1   [ RunTime:0.001000s ]
SQL: SHOW COLUMNS FROM `index_site` [ RunTime:0.007001s ]
SQL: SELECT * FROM `index_site` WHERE ( `version_id` = 1 ) LIMIT 1   [ RunTime:0.001000s ]
SQL: SHOW COLUMNS FROM `index_seo` [ RunTime:0.006000s ]
SQL: SELECT * FROM `index_seo` WHERE ( `module_name` = 'Index' ) AND ( `action_name` = 'index' ) AND ( `version_id` = 1 ) LIMIT 1   [ RunTime:0.001000s ]
SQL: SHOW COLUMNS FROM `index_classify` [ RunTime:0.006000s ]
SQL: SELECT * FROM `index_classify` WHERE ( `classify_id` = 3 ) LIMIT 1   [ RunTime:0.002001s ]
SQL: SHOW COLUMNS FROM `index_relevance` [ RunTime:0.006000s ]
SQL: SELECT `type_id` FROM `index_classify_type` WHERE ( `table_name` = 'Index' ) LIMIT 1   [ RunTime:0.002000s ]
SQL: SELECT `classify_id` FROM `index_relevance` WHERE ( `content_id` = 0 ) AND ( `main_id` = 1 ) AND ( `type_id` = null ) LIMIT 1   [ RunTime:0.001000s ]
SQL: SELECT `type_id` FROM `index_classify_type` WHERE ( `table_name` = 'Index' ) LIMIT 1   [ RunTime:0.002000s ]
SQL: SELECT `level_id`,`classify_id`,`classify_pid` FROM `index_classify` WHERE ( `classify_id` = null ) LIMIT 1   [ RunTime:0.001000s ]
SQL: SHOW COLUMNS FROM `index_cart` [ RunTime:0.006001s ]
SQL: SELECT COUNT(*) AS tp_count FROM `index_cart` WHERE ( `member_id` = null ) LIMIT 1   [ RunTime:0.001000s ]
SQL: SHOW COLUMNS FROM `index_account` [ RunTime:0.005000s ]
SQL: SELECT `balance` FROM `index_account` WHERE ( `member_id` = null ) ORDER BY account_id desc LIMIT 1   [ RunTime:0.001000s ]
SQL: SELECT * FROM `index_classify` WHERE ( `classify_pid` = 2 ) ORDER BY date asc  [ RunTime:0.002000s ]
SQL: SELECT * FROM `index_classify` WHERE ( `classify_pid` = 3 ) ORDER BY date asc LIMIT 1   [ RunTime:0.001000s ]
SQL: SELECT * FROM `index_classify_type` WHERE ( `type_id` = 13 ) LIMIT 1   [ RunTime:0.001000s ]
SQL: SELECT * FROM `index_classify` WHERE ( `classify_id` = 3 ) LIMIT 1   [ RunTime:0.001000s ]
SQL: SELECT * FROM `index_classify` WHERE ( `classify_pid` = 205 ) ORDER BY date asc LIMIT 1   [ RunTime:0.001000s ]
SQL: SELECT * FROM `index_classify_type` WHERE ( `type_id` = 3 ) LIMIT 1   [ RunTime:0.001000s ]
SQL: SELECT * FROM `index_classify` WHERE ( `classify_id` = 205 ) LIMIT 1   [ RunTime:0.001001s ]
SQL: SELECT * FROM `index_classify` WHERE ( `classify_pid` = 205 ) ORDER BY date asc  [ RunTime:0.001000s ]
SQL: SELECT * FROM `index_classify_type` WHERE ( `type_id` = 13 ) LIMIT 1   [ RunTime:0.001000s ]
SQL: SELECT * FROM `index_classify` WHERE ( `classify_id` = 211 ) LIMIT 1   [ RunTime:0.001000s ]
SQL: SELECT * FROM `index_classify_type` WHERE ( `type_id` = 3 ) LIMIT 1   [ RunTime:0.001000s ]
SQL: SELECT * FROM `index_classify` WHERE ( `classify_id` = 212 ) LIMIT 1   [ RunTime:0.001000s ]
SQL: SELECT * FROM `index_classify_type` WHERE ( `type_id` = 3 ) LIMIT 1   [ RunTime:0.001000s ]
SQL: SELECT * FROM `index_classify` WHERE ( `classify_id` = 213 ) LIMIT 1   [ RunTime:0.001000s ]
SQL: SELECT * FROM `index_classify` WHERE ( `classify_pid` = 206 ) ORDER BY date asc LIMIT 1   [ RunTime:0.001000s ]
SQL: SELECT * FROM `index_classify_type` WHERE ( `type_id` = 13 ) LIMIT 1   [ RunTime:0.002000s ]
SQL: SELECT * FROM `index_classify` WHERE ( `classify_id` = 206 ) LIMIT 1   [ RunTime:0.001000s ]
SQL: SELECT * FROM `index_classify` WHERE ( `classify_pid` = 207 ) ORDER BY date asc LIMIT 1   [ RunTime:0.001000s ]
SQL: SELECT * FROM `index_classify_type` WHERE ( `type_id` = 64 ) LIMIT 1   [ RunTime:0.001000s ]
SQL: SELECT * FROM `index_classify` WHERE ( `classify_id` = 207 ) LIMIT 1   [ RunTime:0.001000s ]
SQL: SELECT * FROM `index_classify` WHERE ( `classify_pid` = 207 ) ORDER BY date asc  [ RunTime:0.001000s ]
SQL: SELECT * FROM `index_classify_type` WHERE ( `type_id` = 64 ) LIMIT 1   [ RunTime:0.001000s ]
SQL: SELECT * FROM `index_classify` WHERE ( `classify_id` = 215 ) LIMIT 1   [ RunTime:0.001001s ]
SQL: SELECT * FROM `index_classify_type` WHERE ( `type_id` = 64 ) LIMIT 1   [ RunTime:0.001000s ]
SQL: SELECT * FROM `index_classify` WHERE ( `classify_id` = 216 ) LIMIT 1   [ RunTime:0.001000s ]
SQL: SELECT * FROM `index_classify_type` WHERE ( `type_id` = 64 ) LIMIT 1   [ RunTime:0.001000s ]
SQL: SELECT * FROM `index_classify` WHERE ( `classify_id` = 217 ) LIMIT 1   [ RunTime:0.001000s ]
SQL: SELECT * FROM `index_classify_type` WHERE ( `type_id` = 64 ) LIMIT 1   [ RunTime:0.000000s ]
SQL: SELECT * FROM `index_classify` WHERE ( `classify_id` = 218 ) LIMIT 1   [ RunTime:0.001000s ]
SQL: SELECT * FROM `index_classify` WHERE ( `classify_pid` = 208 ) ORDER BY date asc LIMIT 1   [ RunTime:0.002000s ]
SQL: SELECT * FROM `index_classify_type` WHERE ( `type_id` = 62 ) LIMIT 1   [ RunTime:0.000000s ]
SQL: SELECT * FROM `index_classify` WHERE ( `classify_id` = 208 ) LIMIT 1   [ RunTime:0.000000s ]
SQL: SELECT * FROM `index_classify` WHERE ( `classify_pid` = 208 ) ORDER BY date asc  [ RunTime:0.002000s ]
SQL: SELECT * FROM `index_classify_type` WHERE ( `type_id` = 62 ) LIMIT 1   [ RunTime:0.001000s ]
SQL: SELECT * FROM `index_classify` WHERE ( `classify_id` = 255 ) LIMIT 1   [ RunTime:0.001000s ]
SQL: SELECT * FROM `index_classify_type` WHERE ( `type_id` = 62 ) LIMIT 1   [ RunTime:0.001000s ]
SQL: SELECT * FROM `index_classify` WHERE ( `classify_id` = 256 ) LIMIT 1   [ RunTime:0.001000s ]
SQL: SELECT * FROM `index_classify_type` WHERE ( `type_id` = 62 ) LIMIT 1   [ RunTime:0.001000s ]
SQL: SELECT * FROM `index_classify` WHERE ( `classify_id` = 257 ) LIMIT 1   [ RunTime:0.001001s ]
SQL: SELECT * FROM `index_classify` WHERE ( `classify_pid` = 209 ) ORDER BY date asc LIMIT 1   [ RunTime:0.001000s ]
SQL: SELECT * FROM `index_classify_type` WHERE ( `type_id` = 14 ) LIMIT 1   [ RunTime:0.001000s ]
SQL: SELECT * FROM `index_classify` WHERE ( `classify_id` = 209 ) LIMIT 1   [ RunTime:0.001000s ]
SQL: SELECT * FROM `index_classify` WHERE ( `classify_pid` = 209 ) ORDER BY date asc  [ RunTime:0.001000s ]
SQL: SELECT * FROM `index_classify_type` WHERE ( `type_id` = 14 ) LIMIT 1   [ RunTime:0.001000s ]
SQL: SELECT * FROM `index_classify` WHERE ( `classify_id` = 219 ) LIMIT 1   [ RunTime:0.000000s ]
SQL: SELECT * FROM `index_classify_type` WHERE ( `type_id` = 14 ) LIMIT 1   [ RunTime:0.001000s ]
SQL: SELECT * FROM `index_classify` WHERE ( `classify_id` = 220 ) LIMIT 1   [ RunTime:0.000000s ]
SQL: SELECT * FROM `index_classify_type` WHERE ( `type_id` = 14 ) LIMIT 1   [ RunTime:0.001000s ]
SQL: SELECT * FROM `index_classify` WHERE ( `classify_id` = 221 ) LIMIT 1   [ RunTime:0.000000s ]
SQL: SELECT * FROM `index_classify` WHERE ( `classify_pid` = 210 ) ORDER BY date asc LIMIT 1   [ RunTime:0.001000s ]
SQL: SELECT * FROM `index_classify_type` WHERE ( `type_id` = 65 ) LIMIT 1   [ RunTime:0.000000s ]
SQL: SELECT * FROM `index_classify` WHERE ( `classify_id` = 210 ) LIMIT 1   [ RunTime:0.001000s ]
SQL: SELECT * FROM `index_classify` WHERE ( `classify_id` = 222 ) LIMIT 1   [ RunTime:0.000000s ]
SQL: SELECT * FROM `index_classify` WHERE ( `classify_id` = 222 ) LIMIT 1   [ RunTime:0.001000s ]
SQL: SELECT * FROM `index_classify` WHERE ( `classify_id` = 222 ) LIMIT 1   [ RunTime:0.000000s ]
SQL: SELECT * FROM index_goods n,index_relevance r WHERE ( r.classify_id =222 and r.content_id=n.goods_id ) ORDER BY date desc  [ RunTime:0.004000s ]
SQL: SELECT * FROM `index_classify` WHERE ( `classify_id` = 214 ) LIMIT 1   [ RunTime:0.001000s ]
SQL: SELECT * FROM `index_classify` WHERE ( `classify_id` = 214 ) LIMIT 1   [ RunTime:0.001000s ]
SQL: SELECT * FROM index_goods n,index_relevance r WHERE ( r.classify_id =214 and r.content_id=n.goods_id ) ORDER BY date desc  [ RunTime:0.006001s ]
SQL: SELECT * FROM `index_classify` WHERE ( `classify_id` = 224 ) LIMIT 1   [ RunTime:0.001000s ]
SQL: SELECT * FROM `index_classify` WHERE ( `classify_id` = 224 ) LIMIT 1   [ RunTime:0.001000s ]
SQL: SELECT * FROM index_goods n,index_relevance r WHERE ( r.classify_id =224 and r.content_id=n.goods_id ) ORDER BY date desc  [ RunTime:0.004000s ]
SQL: SELECT * FROM `index_classify` WHERE ( `classify_id` = 225 ) LIMIT 1   [ RunTime:0.001000s ]
SQL: SELECT * FROM `index_classify` WHERE ( `classify_id` = 225 ) LIMIT 1   [ RunTime:0.000000s ]
SQL: SELECT * FROM index_goods n,index_relevance r WHERE ( r.classify_id =225 and r.content_id=n.goods_id ) ORDER BY date desc  [ RunTime:0.003000s ]
SQL: SELECT * FROM index_goods n,index_relevance r WHERE ( r.classify_id =226 and r.content_id=n.goods_id ) ORDER BY date desc  [ RunTime:0.004001s ]
SQL: SELECT * FROM `index_classify` WHERE ( `classify_id` = 227 ) LIMIT 1   [ RunTime:0.001000s ]
SQL: SELECT * FROM `index_classify` WHERE ( `classify_id` = 227 ) LIMIT 1   [ RunTime:0.001000s ]
SQL: SELECT * FROM index_goods n,index_relevance r WHERE ( r.classify_id =227 and r.content_id=n.goods_id ) ORDER BY date desc  [ RunTime:0.004000s ]
SQL: SELECT * FROM index_goods n,index_relevance r WHERE ( r.classify_id =227 and r.content_id=n.goods_id ) ORDER BY date desc  [ RunTime:0.005000s ]
SQL: SELECT * FROM index_link n,index_relevance r WHERE ( r.classify_id =229 and r.content_id=n.link_id ) ORDER BY date desc  [ RunTime:0.001000s ]
SQL: SELECT * FROM `index_classify` WHERE ( `classify_id` = 230 ) LIMIT 1   [ RunTime:0.001000s ]
SQL: SELECT * FROM `index_classify` WHERE ( `classify_id` = 230 ) LIMIT 1   [ RunTime:0.000000s ]
SQL: SELECT * FROM `index_classify` WHERE ( `classify_id` = 230 ) LIMIT 1   [ RunTime:0.000000s ]
SQL: SELECT * FROM index_news n,index_relevance r WHERE ( r.classify_id =230 and r.content_id=n.news_id ) ORDER BY date desc  [ RunTime:0.003001s ]
SQL: SELECT * FROM `index_classify` WHERE ( `classify_id` = 231 ) LIMIT 1   [ RunTime:0.001000s ]
SQL: SELECT * FROM `index_classify` WHERE ( `classify_id` = 231 ) LIMIT 1   [ RunTime:0.001000s ]
SQL: SELECT * FROM index_goods n,index_relevance r WHERE ( r.classify_id =231 and r.content_id=n.goods_id ) ORDER BY date desc  [ RunTime:0.005000s ]
SQL: SELECT * FROM `index_classify` WHERE ( `classify_id` = 209 ) LIMIT 1   [ RunTime:0.001000s ]
SQL: SELECT * FROM `index_classify` WHERE ( `classify_id` = 209 ) LIMIT 1   [ RunTime:0.000000s ]
SQL: SELECT * FROM `index_classify` WHERE ( `classify_pid` = 209 ) ORDER BY date asc  [ RunTime:0.001000s ]
SQL: SELECT * FROM `index_classify` WHERE ( `classify_id` = 219 ) LIMIT 1   [ RunTime:0.001000s ]
SQL: SELECT * FROM `index_classify` WHERE ( `classify_id` = 219 ) LIMIT 1   [ RunTime:0.000000s ]
SQL: SELECT * FROM `index_classify` WHERE ( `classify_id` = 220 ) LIMIT 1   [ RunTime:0.001000s ]
SQL: SELECT * FROM `index_classify` WHERE ( `classify_id` = 220 ) LIMIT 1   [ RunTime:0.000000s ]
SQL: SELECT * FROM `index_classify` WHERE ( `classify_id` = 221 ) LIMIT 1   [ RunTime:0.001000s ]
SQL: SELECT * FROM `index_classify` WHERE ( `classify_id` = 221 ) LIMIT 1   [ RunTime:0.000000s ]
SQL: SELECT * FROM index_news n,index_relevance r WHERE ( r.classify_id =219 and r.content_id=n.news_id ) ORDER BY date desc  [ RunTime:0.004001s ]
SQL: SELECT * FROM index_jianjie n,index_relevance r WHERE ( r.classify_id =233 and r.content_id=n.jianjie_id ) ORDER BY date desc  [ RunTime:0.001000s ]
SQL: SELECT * FROM `index_classify` WHERE ( `classify_pid` = 2 ) ORDER BY date asc  [ RunTime:0.001000s ]
SQL: SELECT * FROM `index_classify` WHERE ( `classify_pid` = 3 ) ORDER BY date asc LIMIT 1   [ RunTime:0.000000s ]
SQL: SELECT * FROM `index_classify` WHERE ( `classify_pid` = 205 ) ORDER BY date asc LIMIT 1   [ RunTime:0.001000s ]
SQL: SELECT * FROM `index_classify` WHERE ( `classify_pid` = 206 ) ORDER BY date asc LIMIT 1   [ RunTime:0.000000s ]
SQL: SELECT * FROM `index_classify` WHERE ( `classify_pid` = 206 ) ORDER BY date asc  [ RunTime:0.000000s ]
NOTIC: [2] Invalid argument supplied for foreach() D:\PHP\PHPTutorial\WWW\8000\Index\Tpl\public\foot.php 第 9 行.
SQL: SELECT * FROM `index_classify` WHERE ( `classify_pid` = 207 ) ORDER BY date asc LIMIT 1   [ RunTime:0.001000s ]
SQL: SELECT * FROM `index_classify` WHERE ( `classify_pid` = 207 ) ORDER BY date asc  [ RunTime:0.000000s ]
SQL: SELECT * FROM `index_classify_type` WHERE ( `type_id` = 64 ) LIMIT 1   [ RunTime:0.001000s ]
SQL: SELECT * FROM `index_classify` WHERE ( `classify_id` = 215 ) LIMIT 1   [ RunTime:0.000000s ]
SQL: SELECT * FROM `index_classify_type` WHERE ( `type_id` = 64 ) LIMIT 1   [ RunTime:0.001000s ]
SQL: SELECT * FROM `index_classify` WHERE ( `classify_id` = 216 ) LIMIT 1   [ RunTime:0.000000s ]
SQL: SELECT * FROM `index_classify_type` WHERE ( `type_id` = 64 ) LIMIT 1   [ RunTime:0.001000s ]
SQL: SELECT * FROM `index_classify` WHERE ( `classify_id` = 217 ) LIMIT 1   [ RunTime:0.000000s ]
SQL: SELECT * FROM `index_classify_type` WHERE ( `type_id` = 64 ) LIMIT 1   [ RunTime:0.001000s ]
SQL: SELECT * FROM `index_classify` WHERE ( `classify_id` = 218 ) LIMIT 1   [ RunTime:0.000000s ]
SQL: SELECT * FROM `index_classify` WHERE ( `classify_pid` = 208 ) ORDER BY date asc LIMIT 1   [ RunTime:0.001000s ]
SQL: SELECT * FROM `index_classify` WHERE ( `classify_pid` = 208 ) ORDER BY date asc  [ RunTime:0.000000s ]
SQL: SELECT * FROM `index_classify_type` WHERE ( `type_id` = 62 ) LIMIT 1   [ RunTime:0.001000s ]
SQL: SELECT * FROM `index_classify` WHERE ( `classify_id` = 255 ) LIMIT 1   [ RunTime:0.001000s ]
SQL: SELECT * FROM `index_classify_type` WHERE ( `type_id` = 62 ) LIMIT 1   [ RunTime:0.001000s ]
SQL: SELECT * FROM `index_classify` WHERE ( `classify_id` = 256 ) LIMIT 1   [ RunTime:0.001000s ]
SQL: SELECT * FROM `index_classify_type` WHERE ( `type_id` = 62 ) LIMIT 1   [ RunTime:0.000000s ]
SQL: SELECT * FROM `index_classify` WHERE ( `classify_id` = 257 ) LIMIT 1   [ RunTime:0.000000s ]
SQL: SELECT * FROM `index_classify` WHERE ( `classify_pid` = 209 ) ORDER BY date asc LIMIT 1   [ RunTime:0.001001s ]
SQL: SELECT * FROM `index_classify` WHERE ( `classify_pid` = 210 ) ORDER BY date asc LIMIT 1   [ RunTime:0.000000s ]
SQL: SELECT * FROM `index_classify` WHERE ( `classify_pid` = 210 ) ORDER BY date asc  [ RunTime:0.000000s ]
NOTIC: [2] Invalid argument supplied for foreach() D:\PHP\PHPTutorial\WWW\8000\Index\Tpl\public\foot.php 第 34 行.
SQL: SELECT * FROM `index_classify` WHERE ( `classify_id` = 230 ) ORDER BY date asc LIMIT 1   [ RunTime:0.000000s ]
INFO: ParseTemplate Behavior ::run [ RunTime:0.213013s ]
INFO: [ view_parse ] --END-- [ RunTime:0.213013s ]
INFO: [ view_filter ] --START--
INFO: ContentReplace Behavior ::run [ RunTime:0.000000s ]
INFO: TokenBuild Behavior ::run [ RunTime:0.001000s ]
INFO: WriteHtmlCache Behavior ::run [ RunTime:0.000000s ]
INFO: ShowRuntime Behavior ::run [ RunTime:0.000000s ]
INFO: [ view_filter ] --END-- [ RunTime:0.001000s ]
INFO: [ view_end ] --START--
INFO: ShowPageTrace Behavior ::run [ RunTime:0.000000s ]
INFO: [ view_end ] --END-- [ RunTime:0.000000s ]

[ 2019-08-27T18:42:40+08:00 ] 0.0.0.0 /8000/index.php
INFO: [ app_begin ] --START--
INFO: ReadHtmlCache Behavior ::run [ RunTime:0.000000s ]
INFO: [ app_begin ] --END-- [ RunTime:0.000000s ]
INFO: [ view_parse ] --START--
SQL: SHOW COLUMNS FROM `index_classify_type` [ RunTime:0.006000s ]
SQL: SELECT `type_id` FROM `index_classify_type` WHERE ( `table_name` = 'Index' ) LIMIT 1   [ RunTime:0.001001s ]
SQL: SELECT `table_name` FROM `index_classify_type` WHERE ( `type_id` = null ) LIMIT 1   [ RunTime:0.000000s ]
SQL: SHOW COLUMNS FROM `index_site` [ RunTime:0.023001s ]
SQL: SELECT * FROM `index_site` WHERE ( `version_id` = 1 ) LIMIT 1   [ RunTime:0.002000s ]
SQL: SHOW COLUMNS FROM `index_seo` [ RunTime:0.010001s ]
SQL: SELECT * FROM `index_seo` WHERE ( `module_name` = 'Index' ) AND ( `action_name` = 'index' ) AND ( `version_id` = 1 ) LIMIT 1   [ RunTime:0.002000s ]
SQL: SHOW COLUMNS FROM `index_classify` [ RunTime:0.008000s ]
SQL: SELECT * FROM `index_classify` WHERE ( `classify_id` = 3 ) LIMIT 1   [ RunTime:0.003000s ]
SQL: SHOW COLUMNS FROM `index_relevance` [ RunTime:0.006001s ]
SQL: SELECT `type_id` FROM `index_classify_type` WHERE ( `table_name` = 'Index' ) LIMIT 1   [ RunTime:0.001000s ]
SQL: SELECT `classify_id` FROM `index_relevance` WHERE ( `content_id` = 0 ) AND ( `main_id` = 1 ) AND ( `type_id` = null ) LIMIT 1   [ RunTime:0.001000s ]
SQL: SELECT `type_id` FROM `index_classify_type` WHERE ( `table_name` = 'Index' ) LIMIT 1   [ RunTime:0.001000s ]
SQL: SELECT `level_id`,`classify_id`,`classify_pid` FROM `index_classify` WHERE ( `classify_id` = null ) LIMIT 1   [ RunTime:0.001000s ]
SQL: SHOW COLUMNS FROM `index_cart` [ RunTime:0.008000s ]
SQL: SELECT COUNT(*) AS tp_count FROM `index_cart` WHERE ( `member_id` = null ) LIMIT 1   [ RunTime:0.001001s ]
SQL: SHOW COLUMNS FROM `index_account` [ RunTime:0.011000s ]
SQL: SELECT `balance` FROM `index_account` WHERE ( `member_id` = null ) ORDER BY account_id desc LIMIT 1   [ RunTime:0.002000s ]
SQL: SELECT * FROM `index_classify` WHERE ( `classify_pid` = 2 ) ORDER BY date asc  [ RunTime:0.001000s ]
SQL: SELECT * FROM `index_classify` WHERE ( `classify_pid` = 3 ) ORDER BY date asc LIMIT 1   [ RunTime:0.001000s ]
SQL: SELECT * FROM `index_classify_type` WHERE ( `type_id` = 13 ) LIMIT 1   [ RunTime:0.002001s ]
SQL: SELECT * FROM `index_classify` WHERE ( `classify_id` = 3 ) LIMIT 1   [ RunTime:0.001000s ]
SQL: SELECT * FROM `index_classify` WHERE ( `classify_pid` = 205 ) ORDER BY date asc LIMIT 1   [ RunTime:0.001000s ]
SQL: SELECT * FROM `index_classify_type` WHERE ( `type_id` = 3 ) LIMIT 1   [ RunTime:0.001000s ]
SQL: SELECT * FROM `index_classify` WHERE ( `classify_id` = 205 ) LIMIT 1   [ RunTime:0.001000s ]
SQL: SELECT * FROM `index_classify` WHERE ( `classify_pid` = 205 ) ORDER BY date asc  [ RunTime:0.001000s ]
SQL: SELECT * FROM `index_classify_type` WHERE ( `type_id` = 13 ) LIMIT 1   [ RunTime:0.000000s ]
SQL: SELECT * FROM `index_classify` WHERE ( `classify_id` = 211 ) LIMIT 1   [ RunTime:0.001000s ]
SQL: SELECT * FROM `index_classify_type` WHERE ( `type_id` = 3 ) LIMIT 1   [ RunTime:0.002000s ]
SQL: SELECT * FROM `index_classify` WHERE ( `classify_id` = 212 ) LIMIT 1   [ RunTime:0.002000s ]
SQL: SELECT * FROM `index_classify_type` WHERE ( `type_id` = 3 ) LIMIT 1   [ RunTime:0.001000s ]
SQL: SELECT * FROM `index_classify` WHERE ( `classify_id` = 213 ) LIMIT 1   [ RunTime:0.001000s ]
SQL: SELECT * FROM `index_classify` WHERE ( `classify_pid` = 206 ) ORDER BY date asc LIMIT 1   [ RunTime:0.001000s ]
SQL: SELECT * FROM `index_classify_type` WHERE ( `type_id` = 13 ) LIMIT 1   [ RunTime:0.000000s ]
SQL: SELECT * FROM `index_classify` WHERE ( `classify_id` = 206 ) LIMIT 1   [ RunTime:0.001001s ]
SQL: SELECT * FROM `index_classify` WHERE ( `classify_pid` = 207 ) ORDER BY date asc LIMIT 1   [ RunTime:0.001000s ]
SQL: SELECT * FROM `index_classify_type` WHERE ( `type_id` = 64 ) LIMIT 1   [ RunTime:0.004000s ]
SQL: SELECT * FROM `index_classify` WHERE ( `classify_id` = 207 ) LIMIT 1   [ RunTime:0.004000s ]
SQL: SELECT * FROM `index_classify` WHERE ( `classify_pid` = 207 ) ORDER BY date asc  [ RunTime:0.001000s ]
SQL: SELECT * FROM `index_classify_type` WHERE ( `type_id` = 64 ) LIMIT 1   [ RunTime:0.001000s ]
SQL: SELECT * FROM `index_classify` WHERE ( `classify_id` = 215 ) LIMIT 1   [ RunTime:0.001000s ]
SQL: SELECT * FROM `index_classify_type` WHERE ( `type_id` = 64 ) LIMIT 1   [ RunTime:0.001000s ]
SQL: SELECT * FROM `index_classify` WHERE ( `classify_id` = 216 ) LIMIT 1   [ RunTime:0.002000s ]
SQL: SELECT * FROM `index_classify_type` WHERE ( `type_id` = 64 ) LIMIT 1   [ RunTime:0.002001s ]
SQL: SELECT * FROM `index_classify` WHERE ( `classify_id` = 217 ) LIMIT 1   [ RunTime:0.001000s ]
SQL: SELECT * FROM `index_classify_type` WHERE ( `type_id` = 64 ) LIMIT 1   [ RunTime:0.001000s ]
SQL: SELECT * FROM `index_classify` WHERE ( `classify_id` = 218 ) LIMIT 1   [ RunTime:0.001000s ]
SQL: SELECT * FROM `index_classify` WHERE ( `classify_pid` = 208 ) ORDER BY date asc LIMIT 1   [ RunTime:0.001000s ]
SQL: SELECT * FROM `index_classify_type` WHERE ( `type_id` = 62 ) LIMIT 1   [ RunTime:0.001000s ]
SQL: SELECT * FROM `index_classify` WHERE ( `classify_id` = 208 ) LIMIT 1   [ RunTime:0.002000s ]
SQL: SELECT * FROM `index_classify` WHERE ( `classify_pid` = 208 ) ORDER BY date asc  [ RunTime:0.002000s ]
SQL: SELECT * FROM `index_classify_type` WHERE ( `type_id` = 62 ) LIMIT 1   [ RunTime:0.001000s ]
SQL: SELECT * FROM `index_classify` WHERE ( `classify_id` = 255 ) LIMIT 1   [ RunTime:0.002000s ]
SQL: SELECT * FROM `index_classify_type` WHERE ( `type_id` = 62 ) LIMIT 1   [ RunTime:0.002000s ]
SQL: SELECT * FROM `index_classify` WHERE ( `classify_id` = 256 ) LIMIT 1   [ RunTime:0.004001s ]
SQL: SELECT * FROM `index_classify_type` WHERE ( `type_id` = 62 ) LIMIT 1   [ RunTime:0.004000s ]
SQL: SELECT * FROM `index_classify` WHERE ( `classify_id` = 257 ) LIMIT 1   [ RunTime:0.003000s ]
SQL: SELECT * FROM `index_classify` WHERE ( `classify_pid` = 209 ) ORDER BY date asc LIMIT 1   [ RunTime:0.002000s ]
SQL: SELECT * FROM `index_classify_type` WHERE ( `type_id` = 14 ) LIMIT 1   [ RunTime:0.001000s ]
SQL: SELECT * FROM `index_classify` WHERE ( `classify_id` = 209 ) LIMIT 1   [ RunTime:0.002000s ]
SQL: SELECT * FROM `index_classify` WHERE ( `classify_pid` = 209 ) ORDER BY date asc  [ RunTime:0.001001s ]
SQL: SELECT * FROM `index_classify_type` WHERE ( `type_id` = 14 ) LIMIT 1   [ RunTime:0.001000s ]
SQL: SELECT * FROM `index_classify` WHERE ( `classify_id` = 219 ) LIMIT 1   [ RunTime:0.001000s ]
SQL: SELECT * FROM `index_classify_type` WHERE ( `type_id` = 14 ) LIMIT 1   [ RunTime:0.000000s ]
SQL: SELECT * FROM `index_classify` WHERE ( `classify_id` = 220 ) LIMIT 1   [ RunTime:0.001000s ]
SQL: SELECT * FROM `index_classify_type` WHERE ( `type_id` = 14 ) LIMIT 1   [ RunTime:0.002000s ]
SQL: SELECT * FROM `index_classify` WHERE ( `classify_id` = 221 ) LIMIT 1   [ RunTime:0.006000s ]
SQL: SELECT * FROM `index_classify` WHERE ( `classify_pid` = 210 ) ORDER BY date asc LIMIT 1   [ RunTime:0.004000s ]
SQL: SELECT * FROM `index_classify_type` WHERE ( `type_id` = 65 ) LIMIT 1   [ RunTime:0.001001s ]
SQL: SELECT * FROM `index_classify` WHERE ( `classify_id` = 210 ) LIMIT 1   [ RunTime:0.001000s ]
SQL: SELECT * FROM `index_classify` WHERE ( `classify_id` = 222 ) LIMIT 1   [ RunTime:0.002000s ]
SQL: SELECT * FROM `index_classify` WHERE ( `classify_id` = 222 ) LIMIT 1   [ RunTime:0.001000s ]
SQL: SELECT * FROM `index_classify` WHERE ( `classify_id` = 222 ) LIMIT 1   [ RunTime:0.001000s ]
SQL: SELECT * FROM index_goods n,index_relevance r WHERE ( r.classify_id =222 and r.content_id=n.goods_id ) ORDER BY date desc  [ RunTime:0.006000s ]
SQL: SELECT * FROM `index_classify` WHERE ( `classify_id` = 214 ) LIMIT 1   [ RunTime:0.001000s ]
SQL: SELECT * FROM `index_classify` WHERE ( `classify_id` = 214 ) LIMIT 1   [ RunTime:0.003000s ]
SQL: SELECT * FROM index_goods n,index_relevance r WHERE ( r.classify_id =214 and r.content_id=n.goods_id ) ORDER BY date desc  [ RunTime:0.007001s ]
SQL: SELECT * FROM `index_classify` WHERE ( `classify_id` = 224 ) LIMIT 1   [ RunTime:0.001000s ]
SQL: SELECT * FROM `index_classify` WHERE ( `classify_id` = 224 ) LIMIT 1   [ RunTime:0.002000s ]
SQL: SELECT * FROM index_goods n,index_relevance r WHERE ( r.classify_id =224 and r.content_id=n.goods_id ) ORDER BY date desc  [ RunTime:0.007000s ]
SQL: SELECT * FROM `index_classify` WHERE ( `classify_id` = 225 ) LIMIT 1   [ RunTime:0.003001s ]
SQL: SELECT * FROM `index_classify` WHERE ( `classify_id` = 225 ) LIMIT 1   [ RunTime:0.001000s ]
SQL: SELECT * FROM index_goods n,index_relevance r WHERE ( r.classify_id =225 and r.content_id=n.goods_id ) ORDER BY date desc  [ RunTime:0.006000s ]
SQL: SELECT * FROM index_goods n,index_relevance r WHERE ( r.classify_id =226 and r.content_id=n.goods_id ) ORDER BY date desc  [ RunTime:0.005000s ]
SQL: SELECT * FROM `index_classify` WHERE ( `classify_id` = 227 ) LIMIT 1   [ RunTime:0.002000s ]
SQL: SELECT * FROM `index_classify` WHERE ( `classify_id` = 227 ) LIMIT 1   [ RunTime:0.001000s ]
SQL: SELECT * FROM index_goods n,index_relevance r WHERE ( r.classify_id =227 and r.content_id=n.goods_id ) ORDER BY date desc  [ RunTime:0.008001s ]
SQL: SELECT * FROM index_goods n,index_relevance r WHERE ( r.classify_id =227 and r.content_id=n.goods_id ) ORDER BY date desc  [ RunTime:0.005000s ]
SQL: SELECT * FROM index_link n,index_relevance r WHERE ( r.classify_id =229 and r.content_id=n.link_id ) ORDER BY date desc  [ RunTime:0.002000s ]
SQL: SELECT * FROM `index_classify` WHERE ( `classify_id` = 230 ) LIMIT 1   [ RunTime:0.002000s ]
SQL: SELECT * FROM `index_classify` WHERE ( `classify_id` = 230 ) LIMIT 1   [ RunTime:0.003001s ]
SQL: SELECT * FROM `index_classify` WHERE ( `classify_id` = 230 ) LIMIT 1   [ RunTime:0.001000s ]
SQL: SELECT * FROM index_news n,index_relevance r WHERE ( r.classify_id =230 and r.content_id=n.news_id ) ORDER BY date desc  [ RunTime:0.005000s ]
SQL: SELECT * FROM `index_classify` WHERE ( `classify_id` = 231 ) LIMIT 1   [ RunTime:0.002000s ]
SQL: SELECT * FROM `index_classify` WHERE ( `classify_id` = 231 ) LIMIT 1   [ RunTime:0.001000s ]
SQL: SELECT * FROM index_goods n,index_relevance r WHERE ( r.classify_id =231 and r.content_id=n.goods_id ) ORDER BY date desc  [ RunTime:0.008001s ]
SQL: SELECT * FROM `index_classify` WHERE ( `classify_id` = 209 ) LIMIT 1   [ RunTime:0.001000s ]
SQL: SELECT * FROM `index_classify` WHERE ( `classify_id` = 209 ) LIMIT 1   [ RunTime:0.001000s ]
SQL: SELECT * FROM `index_classify` WHERE ( `classify_pid` = 209 ) ORDER BY date asc  [ RunTime:0.001000s ]
SQL: SELECT * FROM `index_classify` WHERE ( `classify_id` = 219 ) LIMIT 1   [ RunTime:0.001000s ]
SQL: SELECT * FROM `index_classify` WHERE ( `classify_id` = 219 ) LIMIT 1   [ RunTime:0.001000s ]
SQL: SELECT * FROM `index_classify` WHERE ( `classify_id` = 220 ) LIMIT 1   [ RunTime:0.001000s ]
SQL: SELECT * FROM `index_classify` WHERE ( `classify_id` = 220 ) LIMIT 1   [ RunTime:0.001000s ]
SQL: SELECT * FROM `index_classify` WHERE ( `classify_id` = 221 ) LIMIT 1   [ RunTime:0.001000s ]
SQL: SELECT * FROM `index_classify` WHERE ( `classify_id` = 221 ) LIMIT 1   [ RunTime:0.002000s ]
SQL: SELECT * FROM index_news n,index_relevance r WHERE ( r.classify_id =219 and r.content_id=n.news_id ) ORDER BY date desc  [ RunTime:0.008001s ]
SQL: SELECT * FROM index_jianjie n,index_relevance r WHERE ( r.classify_id =233 and r.content_id=n.jianjie_id ) ORDER BY date desc  [ RunTime:0.001000s ]
SQL: SELECT * FROM `index_classify` WHERE ( `classify_pid` = 2 ) ORDER BY date asc  [ RunTime:0.001000s ]
SQL: SELECT * FROM `index_classify` WHERE ( `classify_pid` = 3 ) ORDER BY date asc LIMIT 1   [ RunTime:0.001000s ]
SQL: SELECT * FROM `index_classify` WHERE ( `classify_pid` = 205 ) ORDER BY date asc LIMIT 1   [ RunTime:0.001000s ]
SQL: SELECT * FROM `index_classify` WHERE ( `classify_pid` = 206 ) ORDER BY date asc LIMIT 1   [ RunTime:0.001000s ]
SQL: SELECT * FROM `index_classify` WHERE ( `classify_pid` = 206 ) ORDER BY date asc  [ RunTime:0.000000s ]
NOTIC: [2] Invalid argument supplied for foreach() D:\PHP\PHPTutorial\WWW\8000\Index\Tpl\public\foot.php 第 9 行.
SQL: SELECT * FROM `index_classify` WHERE ( `classify_pid` = 207 ) ORDER BY date asc LIMIT 1   [ RunTime:0.000000s ]
SQL: SELECT * FROM `index_classify` WHERE ( `classify_pid` = 207 ) ORDER BY date asc  [ RunTime:0.003000s ]
SQL: SELECT * FROM `index_classify_type` WHERE ( `type_id` = 64 ) LIMIT 1   [ RunTime:0.001001s ]
SQL: SELECT * FROM `index_classify` WHERE ( `classify_id` = 215 ) LIMIT 1   [ RunTime:0.002000s ]
SQL: SELECT * FROM `index_classify_type` WHERE ( `type_id` = 64 ) LIMIT 1   [ RunTime:0.001000s ]
SQL: SELECT * FROM `index_classify` WHERE ( `classify_id` = 216 ) LIMIT 1   [ RunTime:0.001000s ]
SQL: SELECT * FROM `index_classify_type` WHERE ( `type_id` = 64 ) LIMIT 1   [ RunTime:0.000000s ]
SQL: SELECT * FROM `index_classify` WHERE ( `classify_id` = 217 ) LIMIT 1   [ RunTime:0.001000s ]
SQL: SELECT * FROM `index_classify_type` WHERE ( `type_id` = 64 ) LIMIT 1   [ RunTime:0.001000s ]
SQL: SELECT * FROM `index_classify` WHERE ( `classify_id` = 218 ) LIMIT 1   [ RunTime:0.001000s ]
SQL: SELECT * FROM `index_classify` WHERE ( `classify_pid` = 208 ) ORDER BY date asc LIMIT 1   [ RunTime:0.001000s ]
SQL: SELECT * FROM `index_classify` WHERE ( `classify_pid` = 208 ) ORDER BY date asc  [ RunTime:0.002000s ]
SQL: SELECT * FROM `index_classify_type` WHERE ( `type_id` = 62 ) LIMIT 1   [ RunTime:0.001000s ]
SQL: SELECT * FROM `index_classify` WHERE ( `classify_id` = 255 ) LIMIT 1   [ RunTime:0.002000s ]
SQL: SELECT * FROM `index_classify_type` WHERE ( `type_id` = 62 ) LIMIT 1   [ RunTime:0.001000s ]
SQL: SELECT * FROM `index_classify` WHERE ( `classify_id` = 256 ) LIMIT 1   [ RunTime:0.005001s ]
SQL: SELECT * FROM `index_classify_type` WHERE ( `type_id` = 62 ) LIMIT 1   [ RunTime:0.001000s ]
SQL: SELECT * FROM `index_classify` WHERE ( `classify_id` = 257 ) LIMIT 1   [ RunTime:0.003000s ]
SQL: SELECT * FROM `index_classify` WHERE ( `classify_pid` = 209 ) ORDER BY date asc LIMIT 1   [ RunTime:0.001000s ]
SQL: SELECT * FROM `index_classify` WHERE ( `classify_pid` = 210 ) ORDER BY date asc LIMIT 1   [ RunTime:0.002000s ]
SQL: SELECT * FROM `index_classify` WHERE ( `classify_pid` = 210 ) ORDER BY date asc  [ RunTime:0.001000s ]
NOTIC: [2] Invalid argument supplied for foreach() D:\PHP\PHPTutorial\WWW\8000\Index\Tpl\public\foot.php 第 34 行.
SQL: SELECT * FROM `index_classify` WHERE ( `classify_id` = 230 ) ORDER BY date asc LIMIT 1   [ RunTime:0.001000s ]
INFO: ParseTemplate Behavior ::run [ RunTime:0.353020s ]
INFO: [ view_parse ] --END-- [ RunTime:0.353020s ]
INFO: [ view_filter ] --START--
INFO: ContentReplace Behavior ::run [ RunTime:0.001000s ]
INFO: TokenBuild Behavior ::run [ RunTime:0.002000s ]
INFO: WriteHtmlCache Behavior ::run [ RunTime:0.000000s ]
INFO: ShowRuntime Behavior ::run [ RunTime:0.001000s ]
INFO: [ view_filter ] --END-- [ RunTime:0.004000s ]
INFO: [ view_end ] --START--
INFO: ShowPageTrace Behavior ::run [ RunTime:0.001001s ]
INFO: [ view_end ] --END-- [ RunTime:0.001001s ]

