[ 2019-08-24T18:59:04+08:00 ] 0.0.0.0 /8000/
INFO: [ app_begin ] --START--
INFO: ReadHtmlCache Behavior ::run [ RunTime:0.001000s ]
INFO: [ app_begin ] --END-- [ RunTime:0.001000s ]
INFO: [ view_parse ] --START--
SQL: SHOW COLUMNS FROM `index_classify_type` [ RunTime:0.004001s ]
SQL: SELECT `type_id` FROM `index_classify_type` WHERE ( `table_name` = 'Index' ) LIMIT 1   [ RunTime:0.001000s ]
SQL: SELECT `table_name` FROM `index_classify_type` WHERE ( `type_id` = null ) LIMIT 1   [ RunTime:0.001000s ]
SQL: SHOW COLUMNS FROM `index_site` [ RunTime:0.008000s ]
SQL: SELECT * FROM `index_site` WHERE ( `version_id` = 1 ) LIMIT 1   [ RunTime:0.002000s ]
SQL: SHOW COLUMNS FROM `index_seo` [ RunTime:0.008001s ]
SQL: SELECT * FROM `index_seo` WHERE ( `module_name` = 'Index' ) AND ( `action_name` = 'index' ) AND ( `version_id` = 1 ) LIMIT 1   [ RunTime:0.003000s ]
SQL: SHOW COLUMNS FROM `index_classify` [ RunTime:0.007000s ]
SQL: SELECT * FROM `index_classify` WHERE ( `classify_id` = 3 ) LIMIT 1   [ RunTime:0.002000s ]
SQL: SHOW COLUMNS FROM `index_relevance` [ RunTime:0.008001s ]
SQL: SELECT `type_id` FROM `index_classify_type` WHERE ( `table_name` = 'Index' ) LIMIT 1   [ RunTime:0.001000s ]
SQL: SELECT `classify_id` FROM `index_relevance` WHERE ( `content_id` = 0 ) AND ( `main_id` = 1 ) AND ( `type_id` = null ) LIMIT 1   [ RunTime:0.003000s ]
SQL: SELECT `type_id` FROM `index_classify_type` WHERE ( `table_name` = 'Index' ) LIMIT 1   [ RunTime:0.001000s ]
SQL: SELECT `level_id`,`classify_id`,`classify_pid` FROM `index_classify` WHERE ( `classify_id` = null ) LIMIT 1   [ RunTime:0.002000s ]
SQL: SHOW COLUMNS FROM `index_cart` [ RunTime:0.009001s ]
SQL: SELECT COUNT(*) AS tp_count FROM `index_cart` WHERE ( `member_id` = null ) LIMIT 1   [ RunTime:0.002000s ]
SQL: SHOW COLUMNS FROM `index_account` [ RunTime:0.006000s ]
SQL: SELECT `balance` FROM `index_account` WHERE ( `member_id` = null ) ORDER BY account_id desc LIMIT 1   [ RunTime:0.002000s ]
SQL: SELECT * FROM `index_classify` WHERE ( `classify_id` = 205 ) ORDER BY date asc LIMIT 1   [ RunTime:0.003001s ]
SQL: SELECT * FROM `index_classify_type` WHERE ( `type_id` = null ) LIMIT 1   [ RunTime:0.001000s ]
SQL: SELECT * FROM `index_classify` WHERE ( `classify_id` = null ) LIMIT 1   [ RunTime:0.002000s ]
INFO: ParseTemplate Behavior ::run [ RunTime:0.101006s ]
INFO: [ view_parse ] --END-- [ RunTime:0.101006s ]
INFO: [ view_filter ] --START--
INFO: ContentReplace Behavior ::run [ RunTime:0.001000s ]
INFO: TokenBuild Behavior ::run [ RunTime:0.000000s ]
INFO: WriteHtmlCache Behavior ::run [ RunTime:0.001000s ]
INFO: ShowRuntime Behavior ::run [ RunTime:0.000000s ]
INFO: [ view_filter ] --END-- [ RunTime:0.002000s ]
INFO: [ view_end ] --START--
INFO: ShowPageTrace Behavior ::run [ RunTime:0.001000s ]
INFO: [ view_end ] --END-- [ RunTime:0.001000s ]

